#
# A fatal error has been detected by the Java Runtime Environment:
#
#  SIGBUS (0x7) at pc=0x00007fe279022cae, pid=15070, tid=140610557449984
#
# JRE version: Java(TM) SE Runtime Environment (8.0_25-b17) (build 1.8.0_25-b17)
# Java VM: Java HotSpot(TM) 64-Bit Server VM (25.25-b02 mixed mode linux-amd64 compressed oops)
# Problematic frame:
# j  org.gradle.api.internal.artifacts.dependencies.AbstractModuleDependency.<init>(Ljava/lang/String;)V+20
#
# Failed to write core dump. Core dumps have been disabled. To enable core dumping, try "ulimit -c unlimited" before starting Java again
#
# If you would like to submit a bug report, please visit:
#   http://bugreport.sun.com/bugreport/crash.jsp
#

---------------  T H R E A D  ---------------

Current thread (0x00007fe240005800):  JavaThread "Daemon worker Thread 5" [_thread_in_Java, id=1529, stack(0x00007fe272441000,0x00007fe272542000)]

siginfo: si_signo: 7 (SIGBUS), si_code: 2 (BUS_ADRERR), si_addr: 0x00000000c085f0a0

Registers:
RAX=0x00000000c085f090, RBX=0x00000000000000e5, RCX=0x00000000facee638, RDX=0x0000000000000000
RSP=0x00007fe27253a5d0, RBP=0x00007fe27253a620, RSI=0x00000000facfe530, RDI=0x0000000000000166
R8 =0x0000000000000002, R9 =0x00000000facfc118, R10=0x00007fe290d64d60, R11=0x00007fe28e4d1000
R12=0x0000000000000000, R13=0x00007fe271c677f1, R14=0x00007fe27253a638, R15=0x00007fe240005800
RIP=0x00007fe279022cae, EFLAGS=0x0000000000010206, CSGSFS=0x0000000000000033, ERR=0x0000000000000004
  TRAPNO=0x000000000000000e

Top of Stack: (sp=0x00007fe27253a5d0)
0x00007fe27253a5d0:   0000000000000000 00000000facee638
0x00007fe27253a5e0:   00007fe27253a5e0 00007fe271c677e4
0x00007fe27253a5f0:   00007fe27253a638 00007fe2715ca288
0x00007fe27253a600:   0000000000000000 00007fe271c67828
0x00007fe27253a610:   0000000000000000 00007fe27253a630
0x00007fe27253a620:   00007fe27253a680 00007fe27900798d
0x00007fe27253a630:   0000000000000000 00000000facee638
0x00007fe27253a640:   00007fe27253a640 00007fe271c6685b
0x00007fe27253a650:   00007fe27253a6b0 00007fe2715ca798
0x00007fe27253a660:   0000000000000000 00007fe271c668c8
0x00007fe27253a670:   00007fe27253a630 00007fe27253a690
0x00007fe27253a680:   00007fe27253a6f8 00007fe27900798d
0x00007fe27253a690:   0000000000000000 00000000facee3c8
0x00007fe27253a6a0:   00000000facee390 00000000facee300
0x00007fe27253a6b0:   00000000facee638 00007fe27253a6b8
0x00007fe27253a6c0:   00007fe271c35c3e 00007fe27253a728
0x00007fe27253a6d0:   00007fe2715caa00 0000000000000000
0x00007fe27253a6e0:   00007fe271c35c88 00007fe27253a690
0x00007fe27253a6f0:   00007fe27253a708 00007fe27253a770
0x00007fe27253a700:   00007fe27900798d 0000000000000000
0x00007fe27253a710:   00000000facee3c8 00000000facee390
0x00007fe27253a720:   00000000facee300 00000000facee638
0x00007fe27253a730:   00007fe27253a730 00007fe271c35b75
0x00007fe27253a740:   00007fe27253a798 00007fe2715caa00
0x00007fe27253a750:   0000000000000000 00007fe271c35bb0
0x00007fe27253a760:   00007fe27253a708 00007fe27253a780
0x00007fe27253a770:   00007fe27253a7e0 00007fe27900798d
0x00007fe27253a780:   00000000facee3c8 00000000facee390
0x00007fe27253a790:   00000000facee300 00000000facee638
0x00007fe27253a7a0:   00007fe27253a7a0 00007fe2715ccd54
0x00007fe27253a7b0:   00007fe27253a808 00007fe2715dd428
0x00007fe27253a7c0:   0000000000000000 00007fe2715ccd60 

Instructions: (pc=0x00007fe279022cae)
0x00007fe279022c8e:   00 50 41 0f b6 55 01 c1 e2 02 48 8b 45 e8 48 8b
0x00007fe279022c9e:   40 08 48 8b 40 08 48 8b 40 28 48 8b 00 48 03 c2
0x00007fe279022cae:   8b 40 10 85 c0 0f 85 a5 00 00 00 ba e5 00 00 00
0x00007fe279022cbe:   e8 05 00 00 00 e9 96 00 00 00 48 8b f2 48 8d 44 

Register to memory mapping:

RAX=
[error occurred during error reporting (printing register info), id 0x7]

Stack: [0x00007fe272441000,0x00007fe272542000],  sp=0x00007fe27253a5d0,  free space=997k
Native frames: (J=compiled Java code, j=interpreted, Vv=VM code, C=native code)
j  org.gradle.api.internal.artifacts.dependencies.AbstractModuleDependency.<init>(Ljava/lang/String;)V+20
j  org.gradle.api.internal.artifacts.dependencies.AbstractExternalModuleDependency.<init>(Ljava/lang/String;Ljava/lang/String;Ljava/lang/String;Ljava/lang/String;)V+3
j  org.gradle.api.internal.artifacts.dependencies.DefaultExternalModuleDependency.<init>(Ljava/lang/String;Ljava/lang/String;Ljava/lang/String;Ljava/lang/String;)V+6
j  org.gradle.api.internal.artifacts.dependencies.DefaultExternalModuleDependency.<init>(Ljava/lang/String;Ljava/lang/String;Ljava/lang/String;)V+5
j  org.gradle.api.internal.artifacts.dependencies.DefaultExternalModuleDependency_Decorated.<init>(Ljava/lang/String;Ljava/lang/String;Ljava/lang/String;)V+4
v  ~StubRoutines::call_stub
V  [libjvm.so+0x664086]  JavaCalls::call_helper(JavaValue*, methodHandle*, JavaCallArguments*, Thread*)+0x1056
V  [libjvm.so+0x958ab7]  Reflection::invoke(instanceKlassHandle, methodHandle, Handle, bool, objArrayHandle, BasicType, objArrayHandle, bool, Thread*)+0x5d7
V  [libjvm.so+0x9596f3]  Reflection::invoke_constructor(oopDesc*, objArrayHandle, Thread*)+0x313
V  [libjvm.so+0x6e9f9a]  JVM_NewInstanceFromConstructor+0x10a
J 2102  sun.reflect.NativeConstructorAccessorImpl.newInstance0(Ljava/lang/reflect/Constructor;[Ljava/lang/Object;)Ljava/lang/Object; (0 bytes) @ 0x00007fe2797ddc95 [0x00007fe2797ddbc0+0xd5]
J 2101 C1 sun.reflect.NativeConstructorAccessorImpl.newInstance([Ljava/lang/Object;)Ljava/lang/Object; (89 bytes) @ 0x00007fe2797e2dfc [0x00007fe2797e2aa0+0x35c]


---------------  P R O C E S S  ---------------

Java Threads: ( => current thread )
  0x00007fe234781800 JavaThread "Stdin handler" [_thread_blocked, id=1561, stack(0x00007fe27223f000,0x00007fe272340000)]
=>0x00007fe240005800 JavaThread "Daemon worker Thread 5" [_thread_in_Java, id=1529, stack(0x00007fe272441000,0x00007fe272542000)]
  0x00007fe240008000 JavaThread "Cancel handler" [_thread_blocked, id=1528, stack(0x00007fe272742000,0x00007fe272843000)]
  0x00007fe24000d000 JavaThread "Handler for socket connection from /127.0.0.1:51046 to /127.0.0.1:43120" [_thread_in_native, id=1502, stack(0x00007fe272340000,0x00007fe272441000)]
  0x00007fe23c026000 JavaThread "Daemon Thread 5" [_thread_blocked, id=1501, stack(0x00007fe272843000,0x00007fe272944000)]
  0x0000000001175000 JavaThread "File lock request listener" [_thread_in_native, id=15180, stack(0x00007fe27148c000,0x00007fe27158d000)]
  0x00007fe288a80800 JavaThread "Incoming local TCP Connector on port 51046" [_thread_in_native, id=15105, stack(0x00007fe272944000,0x00007fe272a45000)]
  0x00007fe2880c1800 JavaThread "Service Thread" daemon [_thread_blocked, id=15081, stack(0x00007fe2738f9000,0x00007fe2739fa000)]
  0x00007fe2880ab800 JavaThread "C1 CompilerThread1" daemon [_thread_blocked, id=15080, stack(0x00007fe2739fa000,0x00007fe273afb000)]
  0x00007fe2880a8800 JavaThread "C2 CompilerThread0" daemon [_thread_blocked, id=15079, stack(0x00007fe273afb000,0x00007fe273bfc000)]
  0x00007fe2880a6800 JavaThread "Signal Dispatcher" daemon [_thread_blocked, id=15078, stack(0x00007fe273bfc000,0x00007fe273cfd000)]
  0x00007fe288077800 JavaThread "Finalizer" daemon [_thread_blocked, id=15077, stack(0x00007fe273cfd000,0x00007fe273dfe000)]
  0x00007fe288075000 JavaThread "Reference Handler" daemon [_thread_blocked, id=15076, stack(0x00007fe273dfe000,0x00007fe273eff000)]
  0x00007fe288009000 JavaThread "main" [_thread_blocked, id=15071, stack(0x00007fe29187a000,0x00007fe29197b000)]

Other Threads:
  0x00007fe28806e000 VMThread [stack: 0x00007fe273eff000,0x00007fe274000000] [id=15075]
  0x00007fe2880c3800 WatcherThread [stack: 0x00007fe2737f8000,0x00007fe2738f9000] [id=15082]

VM state:synchronizing (normal execution)

VM Mutex/Monitor currently owned by a thread:  ([mutex/lock_event])
[0x00007fe288006360] Safepoint_lock - owner thread: 0x00007fe28806e000
[0x00007fe2880063e0] Threads_lock - owner thread: 0x00007fe28806e000

Heap:
 PSYoungGen      total 306688K, used 297901K [0x00000000eab00000, 0x0000000100000000, 0x0000000100000000)
  eden space 273408K, 96% used [0x00000000eab00000,0x00000000fad72830,0x00000000fb600000)
  from space 33280K, 99% used [0x00000000fb600000,0x00000000fd678eb0,0x00000000fd680000)
  to   space 41984K, 0% used [0x00000000fd700000,0x00000000fd700000,0x0000000100000000)
 ParOldGen       total 77824K, used 52099K [0x00000000c0000000, 0x00000000c4c00000, 0x00000000eab00000)
  object space 77824K, 66% used [0x00000000c0000000,0x00000000c32e0d38,0x00000000c4c00000)
 Metaspace       used 67908K, capacity 71608K, committed 72320K, reserved 1112064K
  class space    used 9197K, capacity 10415K, committed 10624K, reserved 1048576K

Card table byte_map: [0x00007fe28ead1000,0x00007fe28ecd2000] byte_map_base: 0x00007fe28e4d1000

Marking Bits: (ParMarkBitMap*) 0x00007fe290d5f2c0
 Begin Bits: [0x00007fe28c779000, 0x00007fe28d779000)
 End Bits:   [0x00007fe28d779000, 0x00007fe28e779000)

Polling page: 0x00007fe29199b000

CodeCache: size=245760Kb used=29021Kb max_used=29028Kb free=216738Kb
 bounds [0x00007fe279000000, 0x00007fe27ac90000, 0x00007fe288000000]
 total_blobs=9422 nmethods=8698 adapters=637
 compilation: enabled

Compilation events (10 events):
Event: 15755,336 Thread 0x00007fe2880ab800 10789       3       org.gradle.api.internal.DefaultNamedDomainObjectCollection$ContainerElementsDynamicObject::<init> (6 bytes)
Event: 15755,336 Thread 0x00007fe2880ab800 nmethod 10789 0x00007fe279634790 code [0x00007fe279634900, 0x00007fe279634b90]
Event: 15755,424 Thread 0x00007fe2880ab800 10792  s!   3       sun.net.www.protocol.file.Handler::openConnection (194 bytes)
Event: 15755,448 Thread 0x00007fe2880ab800 nmethod 10792 0x00007fe27ac85b90 code [0x00007fe27ac85f40, 0x00007fe27ac88358]
Event: 15755,476 Thread 0x00007fe2880ab800 10790       3       org.gradle.api.internal.DefaultNamedDomainObjectCollection$ContainerElementsDynamicObject::<init> (10 bytes)
Event: 15755,476 Thread 0x00007fe2880ab800 nmethod 10790 0x00007fe27a3b0b50 code [0x00007fe27a3b0cc0, 0x00007fe27a3b0ef0]
Event: 15755,615 Thread 0x00007fe2880ab800 10794       3       com.google.common.collect.RegularImmutableMap::createEntryArray (5 bytes)
Event: 15755,625 Thread 0x00007fe2880ab800 nmethod 10794 0x00007fe279ccd8d0 code [0x00007fe279ccda40, 0x00007fe279ccdc10]
Event: 15755,625 Thread 0x00007fe2880ab800 10795       3       sun.reflect.generics.reflectiveObjects.TypeVariableImpl::getGenericDeclaration (71 bytes)
Event: 15755,626 Thread 0x00007fe2880ab800 nmethod 10795 0x00007fe279edb9d0 code [0x00007fe279edbbe0, 0x00007fe279edc658]

GC Heap History (10 events):
Event: 10899,395 GC heap before
{Heap before GC invocations=22 (full 4):
 PSYoungGen      total 304640K, used 275968K [0x00000000eab00000, 0x00000000ffd80000, 0x0000000100000000)
  eden space 275968K, 100% used [0x00000000eab00000,0x00000000fb880000,0x00000000fb880000)
  from space 28672K, 0% used [0x00000000fb880000,0x00000000fb880000,0x00000000fd480000)
  to   space 34816K, 0% used [0x00000000fdb80000,0x00000000fdb80000,0x00000000ffd80000)
 ParOldGen       total 77824K, used 56102K [0x00000000c0000000, 0x00000000c4c00000, 0x00000000eab00000)
  object space 77824K, 72% used [0x00000000c0000000,0x00000000c36c9820,0x00000000c4c00000)
 Metaspace       used 64076K, capacity 68051K, committed 68992K, reserved 1107968K
  class space    used 8669K, capacity 10043K, committed 10368K, reserved 1048576K
Event: 10900,002 GC heap after
Heap after GC invocations=22 (full 4):
 PSYoungGen      total 311808K, used 19164K [0x00000000eab00000, 0x0000000100000000, 0x0000000100000000)
  eden space 276992K, 0% used [0x00000000eab00000,0x00000000eab00000,0x00000000fb980000)
  from space 34816K, 55% used [0x00000000fdb80000,0x00000000fee37260,0x00000000ffd80000)
  to   space 34816K, 0% used [0x00000000fb980000,0x00000000fb980000,0x00000000fdb80000)
 ParOldGen       total 77824K, used 56110K [0x00000000c0000000, 0x00000000c4c00000, 0x00000000eab00000)
  object space 77824K, 72% used [0x00000000c0000000,0x00000000c36cb820,0x00000000c4c00000)
 Metaspace       used 64076K, capacity 68051K, committed 68992K, reserved 1107968K
  class space    used 8669K, capacity 10043K, committed 10368K, reserved 1048576K
}
Event: 10902,665 GC heap before
{Heap before GC invocations=23 (full 4):
 PSYoungGen      total 311808K, used 91564K [0x00000000eab00000, 0x0000000100000000, 0x0000000100000000)
  eden space 276992K, 26% used [0x00000000eab00000,0x00000000ef1b3f10,0x00000000fb980000)
  from space 34816K, 55% used [0x00000000fdb80000,0x00000000fee37260,0x00000000ffd80000)
  to   space 34816K, 0% used [0x00000000fb980000,0x00000000fb980000,0x00000000fdb80000)
 ParOldGen       total 77824K, used 56110K [0x00000000c0000000, 0x00000000c4c00000, 0x00000000eab00000)
  object space 77824K, 72% used [0x00000000c0000000,0x00000000c36cb820,0x00000000c4c00000)
 Metaspace       used 66099K, capacity 70389K, committed 70784K, reserved 1110016K
  class space    used 9037K, capacity 10440K, committed 10624K, reserved 1048576K
Event: 10902,776 GC heap after
Heap after GC invocations=23 (full 4):
 PSYoungGen      total 311808K, used 16494K [0x00000000eab00000, 0x0000000100000000, 0x0000000100000000)
  eden space 276992K, 0% used [0x00000000eab00000,0x00000000eab00000,0x00000000fb980000)
  from space 34816K, 47% used [0x00000000fb980000,0x00000000fc99b850,0x00000000fdb80000)
  to   space 33280K, 0% used [0x00000000fdf80000,0x00000000fdf80000,0x0000000100000000)
 ParOldGen       total 77824K, used 56118K [0x00000000c0000000, 0x00000000c4c00000, 0x00000000eab00000)
  object space 77824K, 72% used [0x00000000c0000000,0x00000000c36cd820,0x00000000c4c00000)
 Metaspace       used 66099K, capacity 70389K, committed 70784K, reserved 1110016K
  class space    used 9037K, capacity 10440K, committed 10624K, reserved 1048576K
}
Event: 10902,776 GC heap before
{Heap before GC invocations=24 (full 5):
 PSYoungGen      total 311808K, used 16494K [0x00000000eab00000, 0x0000000100000000, 0x0000000100000000)
  eden space 276992K, 0% used [0x00000000eab00000,0x00000000eab00000,0x00000000fb980000)
  from space 34816K, 47% used [0x00000000fb980000,0x00000000fc99b850,0x00000000fdb80000)
  to   space 33280K, 0% used [0x00000000fdf80000,0x00000000fdf80000,0x0000000100000000)
 ParOldGen       total 77824K, used 56118K [0x00000000c0000000, 0x00000000c4c00000, 0x00000000eab00000)
  object space 77824K, 72% used [0x00000000c0000000,0x00000000c36cd820,0x00000000c4c00000)
 Metaspace       used 66099K, capacity 70389K, committed 70784K, reserved 1110016K
  class space    used 9037K, capacity 10440K, committed 10624K, reserved 1048576K
Event: 10903,767 GC heap after
Heap after GC invocations=24 (full 5):
 PSYoungGen      total 311808K, used 0K [0x00000000eab00000, 0x0000000100000000, 0x0000000100000000)
  eden space 276992K, 0% used [0x00000000eab00000,0x00000000eab00000,0x00000000fb980000)
  from space 34816K, 0% used [0x00000000fb980000,0x00000000fb980000,0x00000000fdb80000)
  to   space 33280K, 0% used [0x00000000fdf80000,0x00000000fdf80000,0x0000000100000000)
 ParOldGen       total 77824K, used 52083K [0x00000000c0000000, 0x00000000c4c00000, 0x00000000eab00000)
  object space 77824K, 66% used [0x00000000c0000000,0x00000000c32dcd38,0x00000000c4c00000)
 Metaspace       used 53471K, capacity 55669K, committed 70784K, reserved 1110016K
  class space    used 7169K, capacity 7819K, committed 10624K, reserved 1048576K
}
Event: 10918,884 GC heap before
{Heap before GC invocations=25 (full 5):
 PSYoungGen      total 311808K, used 276992K [0x00000000eab00000, 0x0000000100000000, 0x0000000100000000)
  eden space 276992K, 100% used [0x00000000eab00000,0x00000000fb980000,0x00000000fb980000)
  from space 34816K, 0% used [0x00000000fb980000,0x00000000fb980000,0x00000000fdb80000)
  to   space 33280K, 0% used [0x00000000fdf80000,0x00000000fdf80000,0x0000000100000000)
 ParOldGen       total 77824K, used 52083K [0x00000000c0000000, 0x00000000c4c00000, 0x00000000eab00000)
  object space 77824K, 66% used [0x00000000c0000000,0x00000000c32dcd38,0x00000000c4c00000)
 Metaspace       used 63651K, capacity 66861K, committed 70784K, reserved 1110016K
  class space    used 8655K, capacity 9677K, committed 10624K, reserved 1048576K
Event: 10919,099 GC heap after
Heap after GC invocations=25 (full 5):
 PSYoungGen      total 306688K, used 31213K [0x00000000eab00000, 0x0000000100000000, 0x0000000100000000)
  eden space 273408K, 0% used [0x00000000eab00000,0x00000000eab00000,0x00000000fb600000)
  from space 33280K, 93% used [0x00000000fdf80000,0x00000000ffdfb660,0x0000000100000000)
  to   space 37888K, 0% used [0x00000000fb600000,0x00000000fb600000,0x00000000fdb00000)
 ParOldGen       total 77824K, used 52091K [0x00000000c0000000, 0x00000000c4c00000, 0x00000000eab00000)
  object space 77824K, 66% used [0x00000000c0000000,0x00000000c32ded38,0x00000000c4c00000)
 Metaspace       used 63651K, capacity 66861K, committed 70784K, reserved 1110016K
  class space    used 8655K, capacity 9677K, committed 10624K, reserved 1048576K
}
Event: 10930,044 GC heap before
{Heap before GC invocations=26 (full 5):
 PSYoungGen      total 306688K, used 304621K [0x00000000eab00000, 0x0000000100000000, 0x0000000100000000)
  eden space 273408K, 100% used [0x00000000eab00000,0x00000000fb600000,0x00000000fb600000)
  from space 33280K, 93% used [0x00000000fdf80000,0x00000000ffdfb660,0x0000000100000000)
  to   space 37888K, 0% used [0x00000000fb600000,0x00000000fb600000,0x00000000fdb00000)
 ParOldGen       total 77824K, used 52091K [0x00000000c0000000, 0x00000000c4c00000, 0x00000000eab00000)
  object space 77824K, 66% used [0x00000000c0000000,0x00000000c32ded38,0x00000000c4c00000)
 Metaspace       used 66339K, capacity 69660K, committed 71040K, reserved 1110016K
  class space    used 8955K, capacity 10047K, committed 10624K, reserved 1048576K
Event: 10930,269 GC heap after
Heap after GC invocations=26 (full 5):
 PSYoungGen      total 306688K, used 33251K [0x00000000eab00000, 0x0000000100000000, 0x0000000100000000)
  eden space 273408K, 0% used [0x00000000eab00000,0x00000000eab00000,0x00000000fb600000)
  from space 33280K, 99% used [0x00000000fb600000,0x00000000fd678eb0,0x00000000fd680000)
  to   space 41984K, 0% used [0x00000000fd700000,0x00000000fd700000,0x0000000100000000)
 ParOldGen       total 77824K, used 52099K [0x00000000c0000000, 0x00000000c4c00000, 0x00000000eab00000)
  object space 77824K, 66% used [0x00000000c0000000,0x00000000c32e0d38,0x00000000c4c00000)
 Metaspace       used 66339K, capacity 69660K, committed 71040K, reserved 1110016K
  class space    used 8955K, capacity 10047K, committed 10624K, reserved 1048576K
}

Deoptimization events (10 events):
Event: 10933,676 Thread 0x00007fe240008000 Uncommon trap: reason=class_check action=maybe_recompile pc=0x00007fe27a3e91b8 method=com.sun.org.apache.xerces.internal.impl.XMLEntityManager.setProperty(Ljava/lang/String;Ljava/lang/Object;)V @ 102
Event: 10933,682 Thread 0x00007fe240008000 Uncommon trap: reason=speculate_class_check action=maybe_recompile pc=0x00007fe27a13938c method=com.sun.org.apache.xerces.internal.dom.ElementImpl.getNodeName()Ljava/lang/String; @ 8
Event: 10933,785 Thread 0x00007fe240008000 Uncommon trap: reason=speculate_class_check action=maybe_recompile pc=0x00007fe27a13938c method=com.sun.org.apache.xerces.internal.dom.ElementImpl.getNodeName()Ljava/lang/String; @ 8
Event: 10933,952 Thread 0x00007fe240008000 Uncommon trap: reason=bimorphic action=maybe_recompile pc=0x00007fe27a38d368 method=java.io.Writer.write(Ljava/lang/String;)V @ 7
Event: 10933,956 Thread 0x00007fe240008000 Uncommon trap: reason=class_check action=maybe_recompile pc=0x00007fe27a3e91b8 method=com.sun.org.apache.xerces.internal.impl.XMLEntityManager.setProperty(Ljava/lang/String;Ljava/lang/Object;)V @ 102
Event: 10938,721 Thread 0x00007fe23c026000 Uncommon trap: reason=class_check action=maybe_recompile pc=0x00007fe27abba42c method=sun.reflect.DelegatingConstructorAccessorImpl.newInstance([Ljava/lang/Object;)Ljava/lang/Object; @ 5
Event: 10938,721 Thread 0x00007fe23c026000 Uncommon trap: reason=class_check action=maybe_recompile pc=0x00007fe27abba42c method=sun.reflect.DelegatingConstructorAccessorImpl.newInstance([Ljava/lang/Object;)Ljava/lang/Object; @ 5
Event: 10938,759 Thread 0x00007fe23c026000 Uncommon trap: reason=unreached action=reinterpret pc=0x00007fe27a49dd14 method=org.gradle.messaging.remote.internal.Message$ExceptionReplacingObjectOutputStream.replaceObject(Ljava/lang/Object;)Ljava/lang/Object; @ 4
Event: 10938,829 Thread 0x00007fe23c026000 Uncommon trap: reason=class_check action=maybe_recompile pc=0x00007fe27abba42c method=sun.reflect.DelegatingConstructorAccessorImpl.newInstance([Ljava/lang/Object;)Ljava/lang/Object; @ 5
Event: 10938,871 Thread 0x00007fe23c026000 Uncommon trap: reason=class_check action=maybe_recompile pc=0x00007fe27abba42c method=sun.reflect.DelegatingConstructorAccessorImpl.newInstance([Ljava/lang/Object;)Ljava/lang/Object; @ 5

Internal exceptions (10 events):
Event: 15755,856 Thread 0x00007fe240005800 Exception <a 'java/lang/ClassNotFoundException': build_11oaytkftmqf8q1cejw32h2vjCustomizer> (0x00000000fac8a388) thrown at [/HUDSON/workspace/8-2-build-linux-amd64/jdk8u25/1514/hotspot/src/share/vm/classfile/systemDictionary.cpp, line 202]
Event: 15755,916 Thread 0x00007fe240005800 Exception <a 'java/security/PrivilegedActionException'> (0x00000000facc05c0) thrown at [/HUDSON/workspace/8-2-build-linux-amd64/jdk8u25/1514/hotspot/src/share/vm/prims/jvm.cpp, line 1312]
Event: 15755,916 Thread 0x00007fe240005800 Exception <a 'java/security/PrivilegedActionException'> (0x00000000facc1598) thrown at [/HUDSON/workspace/8-2-build-linux-amd64/jdk8u25/1514/hotspot/src/share/vm/prims/jvm.cpp, line 1312]
Event: 15755,929 Thread 0x00007fe240005800 Exception <a 'java/security/PrivilegedActionException'> (0x00000000facc8cc0) thrown at [/HUDSON/workspace/8-2-build-linux-amd64/jdk8u25/1514/hotspot/src/share/vm/prims/jvm.cpp, line 1312]
Event: 15755,945 Thread 0x00007fe240005800 Exception <a 'java/security/PrivilegedActionException'> (0x00000000faccf1a8) thrown at [/HUDSON/workspace/8-2-build-linux-amd64/jdk8u25/1514/hotspot/src/share/vm/prims/jvm.cpp, line 1312]
Event: 15755,945 Thread 0x00007fe240005800 Exception <a 'java/security/PrivilegedActionException'> (0x00000000facd0210) thrown at [/HUDSON/workspace/8-2-build-linux-amd64/jdk8u25/1514/hotspot/src/share/vm/prims/jvm.cpp, line 1312]
Event: 15755,946 Thread 0x00007fe240005800 Exception <a 'java/security/PrivilegedActionException'> (0x00000000facd85a0) thrown at [/HUDSON/workspace/8-2-build-linux-amd64/jdk8u25/1514/hotspot/src/share/vm/prims/jvm.cpp, line 1312]
Event: 15755,986 Thread 0x00007fe240005800 Exception <a 'java/security/PrivilegedActionException'> (0x00000000facdeec0) thrown at [/HUDSON/workspace/8-2-build-linux-amd64/jdk8u25/1514/hotspot/src/share/vm/prims/jvm.cpp, line 1312]
Event: 15755,986 Thread 0x00007fe240005800 Exception <a 'java/security/PrivilegedActionException'> (0x00000000facdff28) thrown at [/HUDSON/workspace/8-2-build-linux-amd64/jdk8u25/1514/hotspot/src/share/vm/prims/jvm.cpp, line 1312]
Event: 15755,986 Thread 0x00007fe240005800 Exception <a 'java/security/PrivilegedActionException'> (0x00000000face82b8) thrown at [/HUDSON/workspace/8-2-build-linux-amd64/jdk8u25/1514/hotspot/src/share/vm/prims/jvm.cpp, line 1312]

Events (10 events):
Event: 15755,916 loading class groovy/runtime/metaclass/build_11oaytkftmqf8q1cejw32h2vj$_run_closure1MetaClass
Event: 15755,916 loading class groovy/runtime/metaclass/build_11oaytkftmqf8q1cejw32h2vj$_run_closure1MetaClass done
Event: 15755,944 Executing VM operation: RevokeBias
Event: 15755,944 Executing VM operation: RevokeBias done
Event: 15755,945 Executing VM operation: BulkRevokeBias
Event: 15755,945 Executing VM operation: BulkRevokeBias done
Event: 15755,945 loading class groovy/runtime/metaclass/build_11oaytkftmqf8q1cejw32h2vj$_run_closure1_closure2MetaClass
Event: 15755,945 loading class groovy/runtime/metaclass/build_11oaytkftmqf8q1cejw32h2vj$_run_closure1_closure2MetaClass done
Event: 15755,986 loading class groovy/runtime/metaclass/build_11oaytkftmqf8q1cejw32h2vj$_run_closure1_closure3MetaClass
Event: 15755,986 loading class groovy/runtime/metaclass/build_11oaytkftmqf8q1cejw32h2vj$_run_closure1_closure3MetaClass done


Dynamic libraries:
00400000-00401000 r-xp 00000000 08:06 668574                             /usr/java/jdk1.8.0_25/bin/java
00600000-00601000 rw-p 00000000 08:06 668574                             /usr/java/jdk1.8.0_25/bin/java
00de5000-01aec000 rw-p 00000000 00:00 0                                  [heap]
c0000000-c4c00000 rw-p 00000000 00:00 0 
c4c00000-eab00000 ---p 00000000 00:00 0 
eab00000-100000000 rw-p 00000000 00:00 0 
100000000-100a60000 rw-p 00000000 00:00 0 
100a60000-140000000 ---p 00000000 00:00 0 
7fe2328e3000-7fe232923000 rw-p 00000000 00:00 0 
7fe232923000-7fe232ae6000 ---p 00000000 00:00 0 
7fe232ae6000-7fe232be4000 rw-p 00000000 00:00 0 
7fe232be4000-7fe232be7000 ---p 00000000 00:00 0 
7fe232be7000-7fe232ce5000 rw-p 00000000 00:00 0 
7fe232ce5000-7fe232ce8000 ---p 00000000 00:00 0 
7fe232ce8000-7fe232de6000 rw-p 00000000 00:00 0 
7fe232de6000-7fe232de9000 ---p 00000000 00:00 0 
7fe232de9000-7fe232ee7000 rw-p 00000000 00:00 0 
7fe232ee7000-7fe232eea000 ---p 00000000 00:00 0 
7fe232eea000-7fe232fe8000 rw-p 00000000 00:00 0 
7fe232fe8000-7fe232feb000 ---p 00000000 00:00 0 
7fe232feb000-7fe2330e9000 rw-p 00000000 00:00 0 
7fe2330e9000-7fe2330ec000 ---p 00000000 00:00 0 
7fe2330ec000-7fe2333ea000 rw-p 00000000 00:00 0 
7fe2333ea000-7fe2335ea000 rw-p 00000000 00:00 0 
7fe2335ea000-7fe2337ea000 rw-p 00000000 00:00 0 
7fe2337ea000-7fe2339ea000 rw-p 00000000 00:00 0 
7fe2339ea000-7fe233bea000 rw-p 00000000 00:00 0 
7fe233bea000-7fe233dea000 rw-p 00000000 00:00 0 
7fe233dea000-7fe233dff000 r-xp 00000000 08:06 532953                     /usr/lib64/libz.so.1.2.8
7fe233dff000-7fe233ffe000 ---p 00015000 08:06 532953                     /usr/lib64/libz.so.1.2.8
7fe233ffe000-7fe233fff000 r--p 00014000 08:06 532953                     /usr/lib64/libz.so.1.2.8
7fe233fff000-7fe234000000 rw-p 00015000 08:06 532953                     /usr/lib64/libz.so.1.2.8
7fe234000000-7fe234d77000 rw-p 00000000 00:00 0 
7fe234d77000-7fe238000000 ---p 00000000 00:00 0 
7fe238000000-7fe238021000 rw-p 00000000 00:00 0 
7fe238021000-7fe23c000000 ---p 00000000 00:00 0 
7fe23c000000-7fe23c02c000 rw-p 00000000 00:00 0 
7fe23c02c000-7fe240000000 ---p 00000000 00:00 0 
7fe240000000-7fe240032000 rw-p 00000000 00:00 0 
7fe240032000-7fe244000000 ---p 00000000 00:00 0 
7fe244000000-7fe244021000 rw-p 00000000 00:00 0 
7fe244021000-7fe248000000 ---p 00000000 00:00 0 
7fe248000000-7fe248021000 rw-p 00000000 00:00 0 
7fe248021000-7fe24c000000 ---p 00000000 00:00 0 
7fe24c000000-7fe24dc7f000 rw-p 00000000 00:00 0 
7fe24dc7f000-7fe250000000 ---p 00000000 00:00 0 
7fe250000000-7fe250b56000 rw-p 00000000 00:00 0 
7fe250b56000-7fe254000000 ---p 00000000 00:00 0 
7fe254000000-7fe254021000 rw-p 00000000 00:00 0 
7fe254021000-7fe258000000 ---p 00000000 00:00 0 
7fe25808e000-7fe258091000 ---p 00000000 00:00 0 
7fe258091000-7fe25818f000 rw-p 00000000 00:00 0 
7fe25818f000-7fe25819e000 r-xp 00000000 08:06 532026                     /usr/lib64/libbz2.so.1.0.6
7fe25819e000-7fe25839d000 ---p 0000f000 08:06 532026                     /usr/lib64/libbz2.so.1.0.6
7fe25839d000-7fe25839e000 r--p 0000e000 08:06 532026                     /usr/lib64/libbz2.so.1.0.6
7fe25839e000-7fe25839f000 rw-p 0000f000 08:06 532026                     /usr/lib64/libbz2.so.1.0.6
7fe25839f000-7fe2583c3000 r-xp 00000000 08:06 532454                     /usr/lib64/liblzma.so.5.0.99
7fe2583c3000-7fe2585c2000 ---p 00024000 08:06 532454                     /usr/lib64/liblzma.so.5.0.99
7fe2585c2000-7fe2585c3000 r--p 00023000 08:06 532454                     /usr/lib64/liblzma.so.5.0.99
7fe2585c3000-7fe2585c4000 rw-p 00024000 08:06 532454                     /usr/lib64/liblzma.so.5.0.99
7fe2585c4000-7fe2585d9000 r-xp 00000000 08:06 556938                     /usr/lib64/libelf-0.161.so
7fe2585d9000-7fe2587d9000 ---p 00015000 08:06 556938                     /usr/lib64/libelf-0.161.so
7fe2587d9000-7fe2587da000 r--p 00015000 08:06 556938                     /usr/lib64/libelf-0.161.so
7fe2587da000-7fe2587db000 rw-p 00016000 08:06 556938                     /usr/lib64/libelf-0.161.so
7fe2587db000-7fe258820000 r-xp 00000000 08:06 530704                     /usr/lib64/libdw-0.161.so
7fe258820000-7fe258a20000 ---p 00045000 08:06 530704                     /usr/lib64/libdw-0.161.so
7fe258a20000-7fe258a22000 r--p 00045000 08:06 530704                     /usr/lib64/libdw-0.161.so
7fe258a22000-7fe258a23000 rw-p 00047000 08:06 530704                     /usr/lib64/libdw-0.161.so
7fe258a23000-7fe258c23000 rw-p 00000000 00:00 0 
7fe258c23000-7fe258c3a000 r-xp 00000000 08:06 531318                     /usr/lib64/libresolv-2.20.so
7fe258c3a000-7fe258e39000 ---p 00017000 08:06 531318                     /usr/lib64/libresolv-2.20.so
7fe258e39000-7fe258e3a000 r--p 00016000 08:06 531318                     /usr/lib64/libresolv-2.20.so
7fe258e3a000-7fe258e3b000 rw-p 00017000 08:06 531318                     /usr/lib64/libresolv-2.20.so
7fe258e3b000-7fe258e3d000 rw-p 00000000 00:00 0 
7fe258e3d000-7fe258e42000 r-xp 00000000 08:06 531225                     /usr/lib64/libnss_dns-2.20.so
7fe258e42000-7fe259041000 ---p 00005000 08:06 531225                     /usr/lib64/libnss_dns-2.20.so
7fe259041000-7fe259042000 r--p 00004000 08:06 531225                     /usr/lib64/libnss_dns-2.20.so
7fe259042000-7fe259043000 rw-p 00005000 08:06 531225                     /usr/lib64/libnss_dns-2.20.so
7fe259043000-7fe259045000 r-xp 00000000 08:06 532533                     /usr/lib64/libnss_mdns4_minimal.so.2
7fe259045000-7fe259244000 ---p 00002000 08:06 532533                     /usr/lib64/libnss_mdns4_minimal.so.2
7fe259244000-7fe259245000 r--p 00001000 08:06 532533                     /usr/lib64/libnss_mdns4_minimal.so.2
7fe259245000-7fe259246000 rw-p 00002000 08:06 532533                     /usr/lib64/libnss_mdns4_minimal.so.2
7fe259246000-7fe259278000 r-xp 00000000 08:06 1057476                    /usr/java/jdk1.8.0_25/jre/lib/amd64/libsunec.so
7fe259278000-7fe259477000 ---p 00032000 08:06 1057476                    /usr/java/jdk1.8.0_25/jre/lib/amd64/libsunec.so
7fe259477000-7fe25947d000 rw-p 00031000 08:06 1057476                    /usr/java/jdk1.8.0_25/jre/lib/amd64/libsunec.so
7fe25947d000-7fe25968d000 rw-p 00000000 00:00 0 
7fe25968d000-7fe25988d000 rw-p 00000000 00:00 0 
7fe25988d000-7fe259a8d000 rw-p 00000000 00:00 0 
7fe259a8d000-7fe260000000 r--p 00000000 08:06 556929                     /usr/lib/locale/locale-archive
7fe260000000-7fe260021000 rw-p 00000000 00:00 0 
7fe260021000-7fe264000000 ---p 00000000 00:00 0 
7fe264000000-7fe264021000 rw-p 00000000 00:00 0 
7fe264021000-7fe268000000 ---p 00000000 00:00 0 
7fe268000000-7fe26822c000 rw-p 00000000 00:00 0 
7fe26822c000-7fe26c000000 ---p 00000000 00:00 0 
7fe26c000000-7fe26c038000 rw-p 00000000 00:00 0 
7fe26c038000-7fe270000000 ---p 00000000 00:00 0 
7fe270001000-7fe270004000 ---p 00000000 00:00 0 
7fe270004000-7fe27003a000 rw-p 00000000 00:00 0 
7fe27003a000-7fe27003d000 ---p 00000000 00:00 0 
7fe27003d000-7fe270073000 rw-p 00000000 00:00 0 
7fe270073000-7fe27007d000 r-xp 00000000 08:06 530857                     /usr/lib64/libnss_myhostname.so.2
7fe27007d000-7fe27007f000 r--p 00009000 08:06 530857                     /usr/lib64/libnss_myhostname.so.2
7fe27007f000-7fe270080000 rw-p 0000b000 08:06 530857                     /usr/lib64/libnss_myhostname.so.2
7fe270097000-7fe270098000 rw-p 00000000 00:00 0 
7fe270098000-7fe27009e000 r--s 0003e000 08:06 1057547                    /usr/java/jdk1.8.0_25/jre/lib/ext/sunjce_provider.jar
7fe27009e000-7fe27009f000 r--s 00009000 08:06 1057546                    /usr/java/jdk1.8.0_25/jre/lib/ext/sunec.jar
7fe27009f000-7fe2700a3000 r--s 00039000 08:06 1057548                    /usr/java/jdk1.8.0_25/jre/lib/ext/sunpkcs11.jar
7fe2700a3000-7fe2700a6000 r--s 00019000 08:06 1057566                    /usr/java/jdk1.8.0_25/jre/lib/jce.jar
7fe2700a6000-7fe2700a7000 r--s 00000000 08:04 3019688                    /home/capi/.gradle/caches/jars-1/dg22azhabc6tsc1i8xni15giz1bnssh/gradle-appengine-builder-model-0.1.0.jar
7fe2700a7000-7fe2700a9000 r--s 00003000 08:04 3019690                    /home/capi/.gradle/caches/jars-1/24880ifhwi29j847tezyo3j8j83rmlo/builder-model-1.0.0.jar
7fe2700a9000-7fe270163000 r--s 00fb5000 08:04 3019686                    /home/capi/.gradle/caches/jars-1/8ae4wysw97adrgvxk3ues1l03kmg6i7/openapi.jar
7fe270163000-7fe270165000 r--s 00005000 08:04 3019684                    /home/capi/.gradle/caches/jars-1/bh847rt6domv1sex7z2uod2m6j585xd/gradle-tooling-extension-api.jar
7fe270165000-7fe27016b000 r--s 00026000 08:04 2886710                    /home/capi/.gradle/caches/jars-1/qlb402qqdb9mu9614i3hr843cfch7zw/gradle-base-services-2.2.jar
7fe27016b000-7fe270193000 r--s 001cf000 08:04 2495302                    /home/capi/.gradle/caches/jars-1/87eo0lrvp84r6dbxjq018wy66es2era/guava-jdk5-17.0.jar
7fe270193000-7fe27019c000 r--s 0002c000 08:04 2365995                    /home/capi/.gradle/caches/jars-1/ltkluv74baem3ersp41z8rutm6he5v5/gradle-tooling-api-2.2.jar
7fe27019c000-7fe27039c000 rw-p 00000000 00:00 0 
7fe27039c000-7fe27059c000 rw-p 00000000 00:00 0 
7fe27059c000-7fe27079c000 rw-p 00000000 00:00 0 
7fe27079c000-7fe2707b1000 r--s 000ff000 08:06 1057590                    /usr/java/jdk1.8.0_25/jre/lib/resources.jar
7fe2707b1000-7fe2709b1000 rw-p 00000000 00:00 0 
7fe2709b1000-7fe270bb1000 rw-p 00000000 00:00 0 
7fe270bb1000-7fe270db1000 rw-p 00000000 00:00 0 
7fe270db1000-7fe270fb1000 rw-p 00000000 00:00 0 
7fe270fb1000-7fe270fb3000 r--s 00001000 08:06 1057541                    /usr/java/jdk1.8.0_25/jre/lib/ext/dnsns.jar
7fe270fb3000-7fe2711b3000 rw-p 00000000 00:00 0 
7fe2711b3000-7fe2711b5000 r--s 0000d000 08:04 3542943                    /home/capi/Descargas/android-studio/gradle/m2repository/commons-codec/commons-codec/1.4/commons-codec-1.4.jar
7fe2711b5000-7fe2711b7000 r--s 0000d000 08:04 1716438                    /home/capi/Descargas/android-studio/gradle/m2repository/commons-logging/commons-logging/1.1.1/commons-logging-1.1.1.jar
7fe2711b7000-7fe2711bc000 r--s 00028000 08:04 2233144                    /home/capi/Descargas/android-studio/gradle/m2repository/org/apache/httpcomponents/httpcore/4.1/httpcore-4.1.jar
7fe2711bc000-7fe2711be000 r--s 00004000 08:04 3542797                    /home/capi/Descargas/android-studio/gradle/m2repository/org/ow2/asm/asm-tree/4.0/asm-tree-4.0.jar
7fe2711be000-7fe2711c7000 r--s 000a7000 08:04 3542851                    /home/capi/Descargas/android-studio/gradle/m2repository/com/android/tools/external/lombok/lombok-ast/0.2.2/lombok-ast-0.2.2.jar
7fe2711c7000-7fe2711c9000 r--s 0000a000 08:04 3542792                    /home/capi/Descargas/android-studio/gradle/m2repository/org/ow2/asm/asm/4.0/asm-4.0.jar
7fe2711c9000-7fe2711ca000 r--s 0000a000 08:04 3542939                    /home/capi/Descargas/android-studio/gradle/m2repository/net/sf/kxml/kxml2/2.3.0/kxml2-2.3.0.jar
7fe2711ca000-7fe2711f5000 r--s 001f9000 08:04 3542822                    /home/capi/Descargas/android-studio/gradle/m2repository/com/google/guava/guava/17.0/guava-17.0.jar
7fe2711f5000-7fe2711fc000 r--s 00053000 08:04 3542741                    /home/capi/Descargas/android-studio/gradle/m2repository/org/apache/commons/commons-compress/1.8.1/commons-compress-1.8.1.jar
7fe2711fc000-7fe2711ff000 r--s 00011000 08:04 3542856                    /home/capi/Descargas/android-studio/gradle/m2repository/com/android/tools/layoutlib/layoutlib-api/24.0.0/layoutlib-api-24.0.0.jar
7fe2711ff000-7fe271201000 r--s 00005000 08:04 2231036                    /home/capi/Descargas/android-studio/gradle/m2repository/org/apache/httpcomponents/httpmime/4.1/httpmime-4.1.jar
7fe271201000-7fe271209000 r--s 0004e000 08:04 3542733                    /home/capi/Descargas/android-studio/gradle/m2repository/org/apache/httpcomponents/httpclient/4.1.1/httpclient-4.1.1.jar
7fe271209000-7fe27120a000 r--s 00005000 08:04 3542867                    /home/capi/Descargas/android-studio/gradle/m2repository/com/android/tools/dvlib/24.0.0/dvlib-24.0.0.jar
7fe27120a000-7fe27120b000 r--s 00004000 08:04 3542784                    /home/capi/Descargas/android-studio/gradle/m2repository/org/ow2/asm/asm-analysis/4.0/asm-analysis-4.0.jar
7fe27120b000-7fe27120e000 r--s 00029000 08:04 3542843                    /home/capi/Descargas/android-studio/gradle/m2repository/com/android/tools/lint/lint-api/24.0.0/lint-api-24.0.0.jar
7fe27120e000-7fe27121e000 r--s 000d3000 08:04 3542921                    /home/capi/Descargas/android-studio/gradle/m2repository/net/sf/proguard/proguard-base/5.1/proguard-base-5.1.jar
7fe27121e000-7fe27122c000 r--s 00081000 08:04 3542765                    /home/capi/Descargas/android-studio/gradle/m2repository/org/bouncycastle/bcpkix-jdk15on/1.48/bcpkix-jdk15on-1.48.jar
7fe27122c000-7fe27122e000 r--s 00003000 08:04 3542892                    /home/capi/Descargas/android-studio/gradle/m2repository/com/android/tools/build/builder-model/1.0.0/builder-model-1.0.0.jar
7fe27122e000-7fe271231000 r--s 00029000 08:04 3542909                    /home/capi/Descargas/android-studio/gradle/m2repository/com/android/tools/build/manifest-merger/24.0.0/manifest-merger-24.0.0.jar
7fe271231000-7fe271236000 r--s 00042000 08:04 3542881                    /home/capi/Descargas/android-studio/gradle/m2repository/com/android/tools/ddms/ddmlib/24.0.0/ddmlib-24.0.0.jar
7fe271236000-7fe271237000 r--s 00000000 08:04 3542899                    /home/capi/Descargas/android-studio/gradle/m2repository/com/android/tools/build/builder-test-api/1.0.0/builder-test-api-1.0.0.jar
7fe271237000-7fe271239000 r--s 00002000 08:04 3542812                    /home/capi/Descargas/android-studio/gradle/m2repository/com/squareup/javawriter/2.5.0/javawriter-2.5.0.jar
7fe271239000-7fe27123b000 r--s 00014000 08:04 3542870                    /home/capi/Descargas/android-studio/gradle/m2repository/com/android/tools/common/24.0.0/common-24.0.0.jar
7fe27123b000-7fe271245000 r--s 000a8000 08:04 3542912                    /home/capi/Descargas/android-studio/gradle/m2repository/com/android/tools/sdklib/24.0.0/sdklib-24.0.0.jar
7fe271245000-7fe271278000 r--s 00203000 08:04 3542771                    /home/capi/Descargas/android-studio/gradle/m2repository/org/bouncycastle/bcprov-jdk15on/1.48/bcprov-jdk15on-1.48.jar
7fe271278000-7fe27127d000 r--s 00047000 08:04 3542860                    /home/capi/Descargas/android-studio/gradle/m2repository/com/android/tools/sdk-common/24.0.0/sdk-common-24.0.0.jar
7fe27127d000-7fe27128c000 r--s 001a9000 08:04 2230648                    /home/capi/Descargas/android-studio/gradle/m2repository/org/eclipse/jdt/core/compiler/ecj/4.2.2/ecj-4.2.2.jar
7fe27128c000-7fe27148c000 rw-p 00000000 00:00 0 
7fe27148c000-7fe27148f000 ---p 00000000 00:00 0 
7fe27148f000-7fe27178d000 rw-p 00000000 00:00 0                          [stack:15180]
7fe27178d000-7fe27198d000 rw-p 00000000 00:00 0 
7fe27198d000-7fe271b8d000 rw-p 00000000 00:00 0 
7fe271b8d000-7fe271b90000 ---p 00000000 00:00 0 
7fe271b90000-7fe271dc6000 rw-p 00000000 00:00 0 
7fe271dc6000-7fe271fc6000 rw-p 00000000 00:00 0 
7fe271fc6000-7fe2721c6000 rw-p 00000000 00:00 0 
7fe2721c6000-7fe27223f000 r--s 010d1000 08:06 268119                     /usr/java/jdk1.8.0_25/lib/tools.jar
7fe27223f000-7fe272242000 ---p 00000000 00:00 0 
7fe272242000-7fe272340000 rw-p 00000000 00:00 0                          [stack:1561]
7fe272340000-7fe272343000 ---p 00000000 00:00 0 
7fe272343000-7fe272441000 rw-p 00000000 00:00 0                          [stack:1502]
7fe272441000-7fe272444000 ---p 00000000 00:00 0 
7fe272444000-7fe272742000 rw-p 00000000 00:00 0                          [stack:1529]
7fe272742000-7fe272745000 ---p 00000000 00:00 0 
7fe272745000-7fe272843000 rw-p 00000000 00:00 0                          [stack:1528]
7fe272843000-7fe272846000 ---p 00000000 00:00 0 
7fe272846000-7fe272944000 rw-p 00000000 00:00 0                          [stack:1501]
7fe272944000-7fe272947000 ---p 00000000 00:00 0 
7fe272947000-7fe272a45000 rw-p 00000000 00:00 0                          [stack:15105]
7fe272a45000-7fe272a56000 r-xp 00000000 08:06 1057467                    /usr/java/jdk1.8.0_25/jre/lib/amd64/libnio.so
7fe272a56000-7fe272c55000 ---p 00011000 08:06 1057467                    /usr/java/jdk1.8.0_25/jre/lib/amd64/libnio.so
7fe272c55000-7fe272c56000 rw-p 00010000 08:06 1057467                    /usr/java/jdk1.8.0_25/jre/lib/amd64/libnio.so
7fe272c56000-7fe272c6c000 r-xp 00000000 08:06 1057466                    /usr/java/jdk1.8.0_25/jre/lib/amd64/libnet.so
7fe272c6c000-7fe272e6c000 ---p 00016000 08:06 1057466                    /usr/java/jdk1.8.0_25/jre/lib/amd64/libnet.so
7fe272e6c000-7fe272e6d000 rw-p 00016000 08:06 1057466                    /usr/java/jdk1.8.0_25/jre/lib/amd64/libnet.so
7fe272e6d000-7fe272e83000 r-xp 00000000 08:06 532215                     /usr/lib64/libgcc_s-4.9.2-20141101.so.1
7fe272e83000-7fe273082000 ---p 00016000 08:06 532215                     /usr/lib64/libgcc_s-4.9.2-20141101.so.1
7fe273082000-7fe273083000 r--p 00015000 08:06 532215                     /usr/lib64/libgcc_s-4.9.2-20141101.so.1
7fe273083000-7fe273084000 rw-p 00016000 08:06 532215                     /usr/lib64/libgcc_s-4.9.2-20141101.so.1
7fe273084000-7fe273174000 r-xp 00000000 08:06 532741                     /usr/lib64/libstdc++.so.6.0.20
7fe273174000-7fe273374000 ---p 000f0000 08:06 532741                     /usr/lib64/libstdc++.so.6.0.20
7fe273374000-7fe27337c000 r--p 000f0000 08:06 532741                     /usr/lib64/libstdc++.so.6.0.20
7fe27337c000-7fe27337e000 rw-p 000f8000 08:06 532741                     /usr/lib64/libstdc++.so.6.0.20
7fe27337e000-7fe273393000 rw-p 00000000 00:00 0 
7fe273393000-7fe273398000 r--s 0008c000 08:04 3542838                    /home/capi/Descargas/android-studio/gradle/m2repository/com/android/tools/lint/lint-checks/24.0.0/lint-checks-24.0.0.jar
7fe273398000-7fe273399000 r--s 00002000 08:04 3542926                    /home/capi/Descargas/android-studio/gradle/m2repository/net/sf/proguard/proguard-gradle/5.1/proguard-gradle-5.1.jar
7fe273399000-7fe27339d000 r--s 00031000 08:04 3542888                    /home/capi/Descargas/android-studio/gradle/m2repository/com/android/tools/build/builder/1.0.0/builder-1.0.0.jar
7fe27339d000-7fe27339f000 r--s 00018000 08:04 3542833                    /home/capi/Descargas/android-studio/gradle/m2repository/com/android/tools/lint/lint/24.0.0/lint-24.0.0.jar
7fe27339f000-7fe2733af000 r--s 00138000 08:04 3542904                    /home/capi/Descargas/android-studio/gradle/m2repository/com/android/tools/build/gradle/1.0.0/gradle-1.0.0.jar
7fe2733af000-7fe2733b0000 r--p 00000000 00:00 0 
7fe2733b0000-7fe2733b4000 r-xp 00000000 00:23 79822                      /tmp/native-platform3469338972250998971dir/libnative-platform.so
7fe2733b4000-7fe2735b3000 ---p 00004000 00:23 79822                      /tmp/native-platform3469338972250998971dir/libnative-platform.so
7fe2735b3000-7fe2735b4000 rw-p 00003000 00:23 79822                      /tmp/native-platform3469338972250998971dir/libnative-platform.so
7fe2735b4000-7fe2735b9000 r--s 00092000 08:06 1057591                    /usr/java/jdk1.8.0_25/jre/lib/jsse.jar
7fe2735b9000-7fe2735ba000 r--s 00001000 08:04 1443894                    /home/capi/Descargas/android-studio/gradle/gradle-2.2.1/lib/plugins/gradle-plugin-development-2.2.1.jar
7fe2735ba000-7fe2735bc000 r--s 00002000 08:04 1443815                    /home/capi/Descargas/android-studio/gradle/gradle-2.2.1/lib/plugins/gradle-cunit-2.2.1.jar
7fe2735bc000-7fe2735c1000 r--s 00036000 08:04 1443883                    /home/capi/Descargas/android-studio/gradle/gradle-2.2.1/lib/plugins/gradle-ide-native-2.2.1.jar
7fe2735c1000-7fe2735c6000 r--s 00013000 08:04 1443853                    /home/capi/Descargas/android-studio/gradle/gradle-2.2.1/lib/plugins/gradle-language-native-2.2.1.jar
7fe2735c6000-7fe2735d1000 r--s 0004d000 08:04 1443866                    /home/capi/Descargas/android-studio/gradle/gradle-2.2.1/lib/plugins/gradle-platform-native-2.2.1.jar
7fe2735d1000-7fe2735d3000 r--s 00008000 08:04 1443837                    /home/capi/Descargas/android-studio/gradle/gradle-2.2.1/lib/plugins/gradle-language-groovy-2.2.1.jar
7fe2735d3000-7fe2735d8000 r--s 00022000 08:04 1443902                    /home/capi/Descargas/android-studio/gradle/gradle-2.2.1/lib/plugins/gradle-language-java-2.2.1.jar
7fe2735d8000-7fe2735db000 r--s 00007000 08:04 1443871                    /home/capi/Descargas/android-studio/gradle/gradle-2.2.1/lib/plugins/gradle-language-jvm-2.2.1.jar
7fe2735db000-7fe2735de000 r--s 00009000 08:04 1443840                    /home/capi/Descargas/android-studio/gradle/gradle-2.2.1/lib/plugins/gradle-platform-jvm-2.2.1.jar
7fe2735de000-7fe2735e3000 r--s 00018000 08:04 1443818                    /home/capi/Descargas/android-studio/gradle/gradle-2.2.1/lib/plugins/gradle-platform-base-2.2.1.jar
7fe2735e3000-7fe2735e8000 r--s 00026000 08:04 1443904                    /home/capi/Descargas/android-studio/gradle/gradle-2.2.1/lib/plugins/gradle-build-init-2.2.1.jar
7fe2735e8000-7fe2735eb000 r--s 0001d000 08:04 1443884                    /home/capi/Descargas/android-studio/gradle/gradle-2.2.1/lib/plugins/gradle-jacoco-2.2.1.jar
7fe2735eb000-7fe2735ee000 r--s 0000d000 08:04 1443876                    /home/capi/Descargas/android-studio/gradle/gradle-2.2.1/lib/plugins/gradle-ivy-2.2.1.jar
7fe2735ee000-7fe2735f0000 r--s 00002000 08:04 1443878                    /home/capi/Descargas/android-studio/gradle/gradle-2.2.1/lib/plugins/gradle-publish-2.2.1.jar
7fe2735f0000-7fe2735f2000 r--s 00005000 08:04 1443845                    /home/capi/Descargas/android-studio/gradle/gradle-2.2.1/lib/plugins/jatl-0.2.2.jar
7fe2735f2000-7fe2735f4000 r--s 0000f000 08:04 1443873                    /home/capi/Descargas/android-studio/gradle/gradle-2.2.1/lib/plugins/gradle-reporting-2.2.1.jar
7fe2735f4000-7fe2735f9000 r--s 00034000 08:04 1443880                    /home/capi/Descargas/android-studio/gradle/gradle-2.2.1/lib/plugins/gradle-diagnostics-2.2.1.jar
7fe2735f9000-7fe273600000 r--s 00090000 08:04 1443822                    /home/capi/Descargas/android-studio/gradle/gradle-2.2.1/lib/plugins/gradle-build-comparison-2.2.1.jar
7fe273600000-7fe273607000 r--s 00035000 08:04 1443861                    /home/capi/Descargas/android-studio/gradle/gradle-2.2.1/lib/plugins/simple-4.1.21.jar
7fe273607000-7fe273613000 r--s 00100000 08:04 1443892                    /home/capi/Descargas/android-studio/gradle/gradle-2.2.1/lib/plugins/rhino-1.7R3.jar
7fe273613000-7fe273618000 r--s 0001f000 08:04 1443879                    /home/capi/Descargas/android-studio/gradle/gradle-2.2.1/lib/plugins/gradle-javascript-2.2.1.jar
7fe273618000-7fe27361a000 r--s 0000e000 08:04 1443877                    /home/capi/Descargas/android-studio/gradle/gradle-2.2.1/lib/plugins/gradle-ear-2.2.1.jar
7fe27361a000-7fe27361e000 r--s 00025000 08:04 1443814                    /home/capi/Descargas/android-studio/gradle/gradle-2.2.1/lib/plugins/bcpg-jdk15-1.46.jar
7fe27361e000-7fe273621000 r--s 0001d000 08:04 1443825                    /home/capi/Descargas/android-studio/gradle/gradle-2.2.1/lib/plugins/gradle-signing-2.2.1.jar
7fe273621000-7fe273622000 r--s 00002000 08:04 1443807                    /home/capi/Descargas/android-studio/gradle/gradle-2.2.1/lib/plugins/sonar-batch-bootstrapper-2.9.jar
7fe273622000-7fe273625000 r--s 00018000 08:04 1443851                    /home/capi/Descargas/android-studio/gradle/gradle-2.2.1/lib/plugins/gradle-sonar-2.2.1.jar
7fe273625000-7fe273628000 r--s 00017000 08:04 1443836                    /home/capi/Descargas/android-studio/gradle/gradle-2.2.1/lib/plugins/gradle-scala-2.2.1.jar
7fe273628000-7fe27362a000 r--s 0000e000 08:04 1443842                    /home/capi/Descargas/android-studio/gradle/gradle-2.2.1/lib/plugins/gradle-announce-2.2.1.jar
7fe27362a000-7fe273638000 r--s 000bc000 08:04 1443819                    /home/capi/Descargas/android-studio/gradle/gradle-2.2.1/lib/plugins/gradle-ide-2.2.1.jar
7fe273638000-7fe27363a000 r--s 00000000 08:04 1443885                    /home/capi/Descargas/android-studio/gradle/gradle-2.2.1/lib/plugins/plexus-component-annotations-1.5.2.jar
7fe27363a000-7fe27363d000 r--s 0000c000 08:04 1443841                    /home/capi/Descargas/android-studio/gradle/gradle-2.2.1/lib/plugins/pmaven-groovy-0.8-20100325.jar
7fe27363d000-7fe27363e000 r--s 00004000 08:04 1443862                    /home/capi/Descargas/android-studio/gradle/gradle-2.2.1/lib/plugins/pmaven-common-0.8-20100325.jar
7fe27363e000-7fe273642000 r--s 0001e000 08:04 1443859                    /home/capi/Descargas/android-studio/gradle/gradle-2.2.1/lib/plugins/gradle-maven-2.2.1.jar
7fe273642000-7fe27365a000 r--s 0013b000 08:04 1443896                    /home/capi/Descargas/android-studio/gradle/gradle-2.2.1/lib/plugins/bndlib-2.1.0.jar
7fe27365a000-7fe27365c000 r--s 00004000 08:04 1443829                    /home/capi/Descargas/android-studio/gradle/gradle-2.2.1/lib/plugins/gradle-osgi-2.2.1.jar
7fe27365c000-7fe273661000 r--s 00068000 08:04 1443860                    /home/capi/Descargas/android-studio/gradle/gradle-2.2.1/lib/plugins/antlr-2.7.7.jar
7fe273661000-7fe273662000 r--s 00002000 08:04 1443891                    /home/capi/Descargas/android-studio/gradle/gradle-2.2.1/lib/plugins/ant-antlr-1.9.3.jar
7fe273662000-7fe273664000 r--s 00004000 08:04 1443882                    /home/capi/Descargas/android-studio/gradle/gradle-2.2.1/lib/plugins/gradle-antlr-2.2.1.jar
7fe273664000-7fe273667000 r--s 0001e000 08:04 1443855                    /home/capi/Descargas/android-studio/gradle/gradle-2.2.1/lib/plugins/jsp-api-2.1-6.1.14.jar
7fe273667000-7fe27368a000 r--s 00344000 08:04 1443886                    /home/capi/Descargas/android-studio/gradle/gradle-2.2.1/lib/plugins/core-3.1.1.jar
7fe27368a000-7fe27368b000 r--s 00006000 08:04 1443905                    /home/capi/Descargas/android-studio/gradle/gradle-2.2.1/lib/plugins/jetty-naming-6.1.25.jar
7fe27368b000-7fe27368c000 r--s 00002000 08:04 1443834                    /home/capi/Descargas/android-studio/gradle/gradle-2.2.1/lib/plugins/geronimo-annotation_1.0_spec-1.0.jar
7fe27368c000-7fe27368e000 r--s 00002000 08:04 1443847                    /home/capi/Descargas/android-studio/gradle/gradle-2.2.1/lib/plugins/jetty-annotations-6.1.25.jar
7fe27368e000-7fe27369f000 r--s 000ea000 08:04 1443867                    /home/capi/Descargas/android-studio/gradle/gradle-2.2.1/lib/plugins/jsp-2.1-6.1.14.jar
7fe27369f000-7fe2736a1000 r--s 0000d000 08:04 1443817                    /home/capi/Descargas/android-studio/gradle/gradle-2.2.1/lib/plugins/jetty-plus-6.1.25.jar
7fe2736a1000-7fe2736a3000 r--s 0001f000 08:04 1443839                    /home/capi/Descargas/android-studio/gradle/gradle-2.2.1/lib/plugins/servlet-api-2.5-20081211.jar
7fe2736a3000-7fe2736a7000 r--s 00028000 08:04 1443808                    /home/capi/Descargas/android-studio/gradle/gradle-2.2.1/lib/plugins/jetty-util-6.1.25.jar
7fe2736a7000-7fe2736ae000 r--s 0007d000 08:04 1443869                    /home/capi/Descargas/android-studio/gradle/gradle-2.2.1/lib/plugins/jetty-6.1.25.jar
7fe2736ae000-7fe2736b0000 r--s 00009000 08:04 1443828                    /home/capi/Descargas/android-studio/gradle/gradle-2.2.1/lib/plugins/gradle-jetty-2.2.1.jar
7fe2736b0000-7fe2736b5000 r--s 00041000 08:04 1443831                    /home/capi/Descargas/android-studio/gradle/gradle-2.2.1/lib/plugins/gradle-code-quality-2.2.1.jar
7fe2736b5000-7fe2736b7000 r--s 00009000 08:04 1443835                    /home/capi/Descargas/android-studio/gradle/gradle-2.2.1/lib/plugins/hamcrest-core-1.3.jar
7fe2736b7000-7fe2736bd000 r--s 00033000 08:04 1443872                    /home/capi/Descargas/android-studio/gradle/gradle-2.2.1/lib/plugins/snakeyaml-1.6.jar
7fe2736bd000-7fe2736bf000 r--s 00006000 08:04 1443820                    /home/capi/Descargas/android-studio/gradle/gradle-2.2.1/lib/plugins/jcommander-1.12.jar
7fe2736bf000-7fe2736c4000 r--s 00040000 08:04 1443881                    /home/capi/Descargas/android-studio/gradle/gradle-2.2.1/lib/plugins/bsh-2.0b4.jar
7fe2736c4000-7fe2736c6000 r--s 00009000 08:04 1443812                    /home/capi/Descargas/android-studio/gradle/gradle-2.2.1/lib/plugins/commons-cli-1.2.jar
7fe2736c6000-7fe2736cf000 r--s 00089000 08:04 1443832                    /home/capi/Descargas/android-studio/gradle/gradle-2.2.1/lib/plugins/testng-6.3.1.jar
7fe2736cf000-7fe2736d5000 r--s 00036000 08:04 1443856                    /home/capi/Descargas/android-studio/gradle/gradle-2.2.1/lib/plugins/junit-4.11.jar
7fe2736d5000-7fe2736e1000 r--s 00075000 08:04 1443826                    /home/capi/Descargas/android-studio/gradle/gradle-2.2.1/lib/plugins/gradle-plugins-2.2.1.jar
7fe2736e1000-7fe2736e4000 r--s 00011000 08:04 1443809                    /home/capi/Descargas/android-studio/gradle/gradle-2.2.1/lib/plugins/gradle-plugin-use-2.2.1.jar
7fe2736e4000-7fe2736fc000 r--s 00115000 08:04 1443864                    /home/capi/Descargas/android-studio/gradle/gradle-2.2.1/lib/plugins/xercesImpl-2.9.1.jar
7fe2736fc000-7fe273704000 r--s 00028000 08:04 1443848                    /home/capi/Descargas/android-studio/gradle/gradle-2.2.1/lib/plugins/xml-apis-1.3.04.jar
7fe273704000-7fe27370a000 r--s 0005b000 08:04 1443811                    /home/capi/Descargas/android-studio/gradle/gradle-2.2.1/lib/plugins/jcifs-1.3.17.jar
7fe27370a000-7fe273710000 r--s 00031000 08:04 1443821                    /home/capi/Descargas/android-studio/gradle/gradle-2.2.1/lib/plugins/httpcore-4.2.2.jar
7fe273710000-7fe273716000 r--s 00033000 08:04 1443810                    /home/capi/Descargas/android-studio/gradle/gradle-2.2.1/lib/plugins/commons-codec-1.6.jar
7fe273716000-7fe273719000 r--s 0001c000 08:04 1443900                    /home/capi/Descargas/android-studio/gradle/gradle-2.2.1/lib/plugins/nekohtml-1.9.14.jar
7fe273719000-7fe273722000 r--s 00060000 08:04 1443833                    /home/capi/Descargas/android-studio/gradle/gradle-2.2.1/lib/plugins/httpclient-4.2.2.jar
7fe273722000-7fe273724000 r--s 00007000 08:04 1443890                    /home/capi/Descargas/android-studio/gradle/gradle-2.2.1/lib/plugins/gradle-resources-http-2.2.1.jar
7fe273724000-7fe27374c000 r--s 00194000 08:04 1443846                    /home/capi/Descargas/android-studio/gradle/gradle-2.2.1/lib/plugins/bcprov-jdk15-1.46.jar
7fe27374c000-7fe273750000 r--s 0001d000 08:04 1443887                    /home/capi/Descargas/android-studio/gradle/gradle-2.2.1/lib/plugins/xbean-reflect-3.4.jar
7fe273750000-7fe273755000 r--s 0002a000 08:04 1443897                    /home/capi/Descargas/android-studio/gradle/gradle-2.2.1/lib/plugins/gson-2.2.4.jar
7fe273755000-7fe273759000 r--s 0003d000 08:04 1443852                    /home/capi/Descargas/android-studio/gradle/gradle-2.2.1/lib/plugins/jsch-0.1.51.jar
7fe273759000-7fe273772000 r--s 00129000 08:04 1443893                    /home/capi/Descargas/android-studio/gradle/gradle-2.2.1/lib/plugins/maven-ant-tasks-2.1.3.jar
7fe273772000-7fe273781000 r--s 000d9000 08:04 1443875                    /home/capi/Descargas/android-studio/gradle/gradle-2.2.1/lib/plugins/ivy-2.2.0.jar
7fe273781000-7fe273785000 r--s 0001e000 08:04 1443849                    /home/capi/Descargas/android-studio/gradle/gradle-2.2.1/lib/plugins/jarjar-aether-impl-1.13.1.jar
7fe273785000-7fe273788000 r--s 00027000 08:04 1443854                    /home/capi/Descargas/android-studio/gradle/gradle-2.2.1/lib/plugins/jarjar-maven-model-3.0.4.jar
7fe273788000-7fe27378b000 r--s 0000b000 08:04 1443844                    /home/capi/Descargas/android-studio/gradle/gradle-2.2.1/lib/plugins/jarjar-maven-artifact-3.0.4.jar
7fe27378b000-7fe27378f000 r--s 0001e000 08:04 1443824                    /home/capi/Descargas/android-studio/gradle/gradle-2.2.1/lib/plugins/jarjar-aether-util-1.13.1.jar
7fe27378f000-7fe273791000 r--s 00007000 08:04 1443898                    /home/capi/Descargas/android-studio/gradle/gradle-2.2.1/lib/plugins/jarjar-wagon-http-shared4-2.4.jar
7fe273791000-7fe27379e000 r--s 00083000 08:04 1443823                    /home/capi/Descargas/android-studio/gradle/gradle-2.2.1/lib/plugins/jarjar-maven-core-3.0.4.jar
7fe27379e000-7fe2737a0000 r--s 00003000 08:04 1443874                    /home/capi/Descargas/android-studio/gradle/gradle-2.2.1/lib/plugins/jarjar-aether-spi-1.13.1.jar
7fe2737a0000-7fe2737a2000 r--s 00009000 08:04 1443863                    /home/capi/Descargas/android-studio/gradle/gradle-2.2.1/lib/plugins/jarjar-maven-settings-builder-3.0.4.jar
7fe2737a2000-7fe2737a6000 r--s 00014000 08:04 1443838                    /home/capi/Descargas/android-studio/gradle/gradle-2.2.1/lib/plugins/jarjar-aether-api-1.13.1.jar
7fe2737a6000-7fe2737a7000 r--s 00002000 08:04 1443888                    /home/capi/Descargas/android-studio/gradle/gradle-2.2.1/lib/plugins/jarjar-wagon-http-2.4.jar
7fe2737a7000-7fe2737ae000 r--s 00042000 08:04 1443827                    /home/capi/Descargas/android-studio/gradle/gradle-2.2.1/lib/plugins/jarjar-maven-compat-3.0.4.jar
7fe2737ae000-7fe2737b0000 r--s 00006000 08:04 1443843                    /home/capi/Descargas/android-studio/gradle/gradle-2.2.1/lib/plugins/jarjar-aether-connector-wagon-1.13.1.jar
7fe2737b0000-7fe2737b2000 r--s 00000000 08:04 1443830                    /home/capi/Descargas/android-studio/gradle/gradle-2.2.1/lib/plugins/jarjar-plexus-component-annotations-1.5.5.jar
7fe2737b2000-7fe2737b4000 r--s 00006000 08:04 1443816                    /home/capi/Descargas/android-studio/gradle/gradle-2.2.1/lib/plugins/jarjar-plexus-sec-dispatcher-1.3.jar
7fe2737b4000-7fe2737b9000 r--s 00022000 08:04 1443889                    /home/capi/Descargas/android-studio/gradle/gradle-2.2.1/lib/plugins/jarjar-maven-model-builder-3.0.4.jar
7fe2737b9000-7fe2737bb000 r--s 0000b000 08:04 1443858                    /home/capi/Descargas/android-studio/gradle/gradle-2.2.1/lib/plugins/jarjar-maven-plugin-api-3.0.4.jar
7fe2737bb000-7fe2737be000 r--s 0000a000 08:04 1443813                    /home/capi/Descargas/android-studio/gradle/gradle-2.2.1/lib/plugins/jarjar-plexus-classworlds-2.4.jar
7fe2737be000-7fe2737d6000 r--s 000b5000 08:04 1443865                    /home/capi/Descargas/android-studio/gradle/gradle-2.2.1/lib/plugins/gradle-dependency-management-2.2.1.jar
7fe2737d6000-7fe2737f8000 r--s 0038e000 08:06 1057540                    /usr/java/jdk1.8.0_25/jre/lib/ext/cldrdata.jar
7fe2737f8000-7fe2737f9000 ---p 00000000 00:00 0 
7fe2737f9000-7fe2738f9000 rw-p 00000000 00:00 0                          [stack:15082]
7fe2738f9000-7fe2738fc000 ---p 00000000 00:00 0 
7fe2738fc000-7fe2739fa000 rw-p 00000000 00:00 0                          [stack:15081]
7fe2739fa000-7fe2739fd000 ---p 00000000 00:00 0 
7fe2739fd000-7fe273afb000 rw-p 00000000 00:00 0                          [stack:15080]
7fe273afb000-7fe273afe000 ---p 00000000 00:00 0 
7fe273afe000-7fe273bfc000 rw-p 00000000 00:00 0                          [stack:15079]
7fe273bfc000-7fe273bff000 ---p 00000000 00:00 0 
7fe273bff000-7fe273cfd000 rw-p 00000000 00:00 0                          [stack:15078]
7fe273cfd000-7fe273d00000 ---p 00000000 00:00 0 
7fe273d00000-7fe273dfe000 rw-p 00000000 00:00 0                          [stack:15077]
7fe273dfe000-7fe273e01000 ---p 00000000 00:00 0 
7fe273e01000-7fe273eff000 rw-p 00000000 00:00 0                          [stack:15076]
7fe273eff000-7fe273f00000 ---p 00000000 00:00 0 
7fe273f00000-7fe274000000 rw-p 00000000 00:00 0                          [stack:15075]
7fe274000000-7fe27402a000 rw-p 00000000 00:00 0 
7fe27402a000-7fe278000000 ---p 00000000 00:00 0 
7fe278000000-7fe278004000 r--s 00035000 08:04 1443899                    /home/capi/Descargas/android-studio/gradle/gradle-2.2.1/lib/plugins/jarjar-plexus-utils-2.0.6.jar
7fe278004000-7fe278006000 r--s 0000e000 08:04 1443901                    /home/capi/Descargas/android-studio/gradle/gradle-2.2.1/lib/plugins/jarjar-plexus-interpolation-1.14.jar
7fe278006000-7fe278008000 r--s 00002000 08:04 1443850                    /home/capi/Descargas/android-studio/gradle/gradle-2.2.1/lib/plugins/jarjar-plexus-cipher-1.7.jar
7fe278008000-7fe27800a000 r--s 0000c000 08:04 1443895                    /home/capi/Descargas/android-studio/gradle/gradle-2.2.1/lib/plugins/jarjar-wagon-provider-api-2.4.jar
7fe27800a000-7fe27800c000 r--s 0000d000 08:04 1443903                    /home/capi/Descargas/android-studio/gradle/gradle-2.2.1/lib/plugins/jarjar-maven-aether-provider-3.0.4.jar
7fe27800c000-7fe278014000 r--s 00031000 08:04 1443870                    /home/capi/Descargas/android-studio/gradle/gradle-2.2.1/lib/plugins/jarjar-plexus-container-default-1.5.5.jar
7fe278014000-7fe278015000 r--s 00007000 08:04 1443857                    /home/capi/Descargas/android-studio/gradle/gradle-2.2.1/lib/plugins/jarjar-maven-repository-metadata-3.0.4.jar
7fe278015000-7fe278016000 r--s 0000b000 08:04 1443868                    /home/capi/Descargas/android-studio/gradle/gradle-2.2.1/lib/plugins/jarjar-maven-settings-3.0.4.jar
7fe278016000-7fe27801d000 r--s 00000000 08:06 810381                     /usr/lib64/gconv/gconv-modules.cache
7fe27801d000-7fe278043000 r--p 00000000 08:06 12400                      /usr/share/locale/es/LC_MESSAGES/libc.mo
7fe278043000-7fe278044000 r--s 00005000 08:04 1443784                    /home/capi/Descargas/android-studio/gradle/gradle-2.2.1/lib/gradle-wrapper-2.2.1.jar
7fe278044000-7fe27804d000 r--s 0002c000 08:04 1443789                    /home/capi/Descargas/android-studio/gradle/gradle-2.2.1/lib/gradle-tooling-api-2.2.1.jar
7fe27804d000-7fe27804f000 r--s 00002000 08:04 1443799                    /home/capi/Descargas/android-studio/gradle/gradle-2.2.1/lib/gradle-open-api-2.2.1.jar
7fe27804f000-7fe278055000 r--s 00032000 08:04 1443792                    /home/capi/Descargas/android-studio/gradle/gradle-2.2.1/lib/jaxen-1.1.jar
7fe278055000-7fe27805a000 r--s 00048000 08:04 1443763                    /home/capi/Descargas/android-studio/gradle/gradle-2.2.1/lib/dom4j-1.6.1.jar
7fe27805a000-7fe278065000 r--s 00059000 08:04 1443802                    /home/capi/Descargas/android-studio/gradle/gradle-2.2.1/lib/gradle-ui-2.2.1.jar
7fe278065000-7fe278067000 r--s 00006000 08:04 1443766                    /home/capi/Descargas/android-studio/gradle/gradle-2.2.1/lib/gradle-resources-2.2.1.jar
7fe278067000-7fe278069000 r--s 00007000 08:04 1443794                    /home/capi/Descargas/android-studio/gradle/gradle-2.2.1/lib/objenesis-1.2.jar
7fe278069000-7fe27806b000 r--s 00000000 08:04 1443795                    /home/capi/Descargas/android-studio/gradle/gradle-2.2.1/lib/minlog-1.2.jar
7fe27806b000-7fe27806d000 r--s 0000f000 08:04 1443800                    /home/capi/Descargas/android-studio/gradle/gradle-2.2.1/lib/reflectasm-1.07-shaded.jar
7fe27806d000-7fe278071000 r--s 00026000 08:04 1443906                    /home/capi/Descargas/android-studio/gradle/gradle-2.2.1/lib/kryo-2.20.jar
7fe278071000-7fe27807a000 r--s 00039000 08:04 1443791                    /home/capi/Descargas/android-studio/gradle/gradle-2.2.1/lib/gradle-messaging-2.2.1.jar
7fe27807a000-7fe27807b000 r--s 00003000 08:04 1443804                    /home/capi/Descargas/android-studio/gradle/gradle-2.2.1/lib/native-platform-freebsd-amd64-0.10.jar
7fe27807b000-7fe27807c000 r--s 00003000 08:04 1443786                    /home/capi/Descargas/android-studio/gradle/gradle-2.2.1/lib/native-platform-freebsd-i386-0.10.jar
7fe27807c000-7fe27807d000 r--s 00005000 08:04 1443790                    /home/capi/Descargas/android-studio/gradle/gradle-2.2.1/lib/native-platform-windows-i386-0.10.jar
7fe27807d000-7fe27807e000 r--s 00005000 08:04 1443759                    /home/capi/Descargas/android-studio/gradle/gradle-2.2.1/lib/native-platform-windows-amd64-0.10.jar
7fe27807e000-7fe27807f000 r--s 00003000 08:04 1443762                    /home/capi/Descargas/android-studio/gradle/gradle-2.2.1/lib/native-platform-linux-i386-0.10.jar
7fe27807f000-7fe278080000 r--s 00003000 08:04 1443770                    /home/capi/Descargas/android-studio/gradle/gradle-2.2.1/lib/native-platform-linux-amd64-0.10.jar
7fe278080000-7fe278081000 r--s 00002000 08:04 1443907                    /home/capi/Descargas/android-studio/gradle/gradle-2.2.1/lib/native-platform-osx-amd64-0.10.jar
7fe278081000-7fe278083000 r--s 00008000 08:04 1443781                    /home/capi/Descargas/android-studio/gradle/gradle-2.2.1/lib/jansi-1.2.1.jar
7fe278083000-7fe278086000 r--s 0000d000 08:04 1443796                    /home/capi/Descargas/android-studio/gradle/gradle-2.2.1/lib/native-platform-0.10.jar
7fe278086000-7fe27808a000 r--s 000e4000 08:04 1443761                    /home/capi/Descargas/android-studio/gradle/gradle-2.2.1/lib/jna-3.2.7.jar
7fe27808a000-7fe27808c000 r--s 00008000 08:04 1443780                    /home/capi/Descargas/android-studio/gradle/gradle-2.2.1/lib/gradle-native-2.2.1.jar
7fe27808c000-7fe27808e000 r--s 00005000 08:04 1443803                    /home/capi/Descargas/android-studio/gradle/gradle-2.2.1/lib/gradle-cli-2.2.1.jar
7fe27808e000-7fe2780f9000 r--s 00685000 08:04 1443760                    /home/capi/Descargas/android-studio/gradle/gradle-2.2.1/lib/groovy-all-2.3.6.jar
7fe2780f9000-7fe279000000 rw-p 00000000 00:00 0 
7fe279000000-7fe27ac90000 rwxp 00000000 00:00 0 
7fe27ac90000-7fe288000000 ---p 00000000 00:00 0 
7fe288000000-7fe288aa9000 rw-p 00000000 00:00 0 
7fe288aa9000-7fe28c000000 ---p 00000000 00:00 0 
7fe28c000000-7fe28c001000 r--s 00002000 08:04 1443782                    /home/capi/Descargas/android-studio/gradle/gradle-2.2.1/lib/native-platform-osx-i386-0.10.jar
7fe28c001000-7fe28c003000 r--s 00003000 08:04 1443768                    /home/capi/Descargas/android-studio/gradle/gradle-2.2.1/lib/gradle-base-services-groovy-2.2.1.jar
7fe28c003000-7fe28c005000 r--s 0000a000 08:04 1443776                    /home/capi/Descargas/android-studio/gradle/gradle-2.2.1/lib/gradle-model-groovy-2.2.1.jar
7fe28c005000-7fe28c009000 r--s 0001b000 08:04 1443772                    /home/capi/Descargas/android-studio/gradle/gradle-2.2.1/lib/gradle-model-core-2.2.1.jar
7fe28c009000-7fe28c00a000 r--s 00000000 08:04 1443785                    /home/capi/Descargas/android-studio/gradle/gradle-2.2.1/lib/gradle-docs-2.2.1.jar
7fe28c00a000-7fe28c00c000 r--s 00003000 08:04 1443769                    /home/capi/Descargas/android-studio/gradle/gradle-2.2.1/lib/jcl-over-slf4j-1.7.7.jar
7fe28c00c000-7fe28c00f000 r--s 0001b000 08:04 1443771                    /home/capi/Descargas/android-studio/gradle/gradle-2.2.1/lib/jarjar-1.3.jar
7fe28c00f000-7fe28c011000 r--s 00000000 08:04 1443793                    /home/capi/Descargas/android-studio/gradle/gradle-2.2.1/lib/jul-to-slf4j-1.7.7.jar
7fe28c011000-7fe28c017000 r--s 0003b000 08:04 1443765                    /home/capi/Descargas/android-studio/gradle/gradle-2.2.1/lib/logback-classic-1.0.13.jar
7fe28c017000-7fe28c021000 r--s 0005d000 08:04 1443775                    /home/capi/Descargas/android-studio/gradle/gradle-2.2.1/lib/logback-core-1.0.13.jar
7fe28c021000-7fe28c026000 r--s 00041000 08:04 1443764                    /home/capi/Descargas/android-studio/gradle/gradle-2.2.1/lib/commons-lang-2.6.jar
7fe28c026000-7fe28c034000 r--s 0007f000 08:04 1443798                    /home/capi/Descargas/android-studio/gradle/gradle-2.2.1/lib/commons-collections-3.2.1.jar
7fe28c034000-7fe28c039000 r--s 00036000 08:04 1443787                    /home/capi/Descargas/android-studio/gradle/gradle-2.2.1/lib/asm-all-5.0.3.jar
7fe28c039000-7fe28c061000 r--s 001cf000 08:04 1443778                    /home/capi/Descargas/android-studio/gradle/gradle-2.2.1/lib/guava-jdk5-17.0.jar
7fe28c061000-7fe28c080000 r--s 001cc000 08:04 1443767                    /home/capi/Descargas/android-studio/gradle/gradle-2.2.1/lib/ant-1.9.3.jar
7fe28c080000-7fe28c08a000 r--s 0021b000 08:06 1057487                    /usr/java/jdk1.8.0_25/jre/lib/ext/localedata.jar
7fe28c08a000-7fe28c0bb000 r--s 00191000 08:04 1443773                    /home/capi/Descargas/android-studio/gradle/gradle-2.2.1/lib/gradle-core-2.2.1.jar
7fe28c0bb000-7fe28c32d000 rw-p 00000000 00:00 0 
7fe28c32d000-7fe28c503000 r--s 03c64000 08:06 1057594                    /usr/java/jdk1.8.0_25/jre/lib/rt.jar
7fe28c503000-7fe28e779000 rw-p 00000000 00:00 0 
7fe28e779000-7fe28e77a000 ---p 00000000 00:00 0 
7fe28e77a000-7fe28e87a000 rw-p 00000000 00:00 0                          [stack:15074]
7fe28e87a000-7fe28e87b000 ---p 00000000 00:00 0 
7fe28e87b000-7fe28e9a1000 rw-p 00000000 00:00 0                          [stack:15073]
7fe28e9a1000-7fe28ead1000 ---p 00000000 00:00 0 
7fe28ead1000-7fe28eaf7000 rw-p 00000000 00:00 0 
7fe28eaf7000-7fe28ec26000 ---p 00000000 00:00 0 
7fe28ec26000-7fe28ecd1000 rw-p 00000000 00:00 0 
7fe28ecd1000-7fe28ed45000 rw-p 00000000 00:00 0 
7fe28ed45000-7fe28f092000 ---p 00000000 00:00 0 
7fe28f092000-7fe28f0ac000 r-xp 00000000 08:06 1057480                    /usr/java/jdk1.8.0_25/jre/lib/amd64/libzip.so
7fe28f0ac000-7fe28f2ac000 ---p 0001a000 08:06 1057480                    /usr/java/jdk1.8.0_25/jre/lib/amd64/libzip.so
7fe28f2ac000-7fe28f2ad000 rw-p 0001a000 08:06 1057480                    /usr/java/jdk1.8.0_25/jre/lib/amd64/libzip.so
7fe28f2ad000-7fe28f2b9000 r-xp 00000000 08:06 531226                     /usr/lib64/libnss_files-2.20.so
7fe28f2b9000-7fe28f4b8000 ---p 0000c000 08:06 531226                     /usr/lib64/libnss_files-2.20.so
7fe28f4b8000-7fe28f4b9000 r--p 0000b000 08:06 531226                     /usr/lib64/libnss_files-2.20.so
7fe28f4b9000-7fe28f4ba000 rw-p 0000c000 08:06 531226                     /usr/lib64/libnss_files-2.20.so
7fe28f4ba000-7fe28f4e4000 r-xp 00000000 08:06 1057445                    /usr/java/jdk1.8.0_25/jre/lib/amd64/libjava.so
7fe28f4e4000-7fe28f6e4000 ---p 0002a000 08:06 1057445                    /usr/java/jdk1.8.0_25/jre/lib/amd64/libjava.so
7fe28f6e4000-7fe28f6e6000 rw-p 0002a000 08:06 1057445                    /usr/java/jdk1.8.0_25/jre/lib/amd64/libjava.so
7fe28f6e6000-7fe28f6f3000 r-xp 00000000 08:06 1057479                    /usr/java/jdk1.8.0_25/jre/lib/amd64/libverify.so
7fe28f6f3000-7fe28f8f3000 ---p 0000d000 08:06 1057479                    /usr/java/jdk1.8.0_25/jre/lib/amd64/libverify.so
7fe28f8f3000-7fe28f8f5000 rw-p 0000d000 08:06 1057479                    /usr/java/jdk1.8.0_25/jre/lib/amd64/libverify.so
7fe28f8f5000-7fe28f8fc000 r-xp 00000000 08:06 531349                     /usr/lib64/librt-2.20.so
7fe28f8fc000-7fe28fafb000 ---p 00007000 08:06 531349                     /usr/lib64/librt-2.20.so
7fe28fafb000-7fe28fafc000 r--p 00006000 08:06 531349                     /usr/lib64/librt-2.20.so
7fe28fafc000-7fe28fafd000 rw-p 00007000 08:06 531349                     /usr/lib64/librt-2.20.so
7fe28fafd000-7fe28fc04000 r-xp 00000000 08:06 530828                     /usr/lib64/libm-2.20.so
7fe28fc04000-7fe28fe03000 ---p 00107000 08:06 530828                     /usr/lib64/libm-2.20.so
7fe28fe03000-7fe28fe04000 r--p 00106000 08:06 530828                     /usr/lib64/libm-2.20.so
7fe28fe04000-7fe28fe05000 rw-p 00107000 08:06 530828                     /usr/lib64/libm-2.20.so
7fe28fe05000-7fe290a72000 r-xp 00000000 08:06 1057484                    /usr/java/jdk1.8.0_25/jre/lib/amd64/server/libjvm.so
7fe290a72000-7fe290c71000 ---p 00c6d000 08:06 1057484                    /usr/java/jdk1.8.0_25/jre/lib/amd64/server/libjvm.so
7fe290c71000-7fe290d47000 rw-p 00c6c000 08:06 1057484                    /usr/java/jdk1.8.0_25/jre/lib/amd64/server/libjvm.so
7fe290d47000-7fe290d8a000 rw-p 00000000 00:00 0 
7fe290d8a000-7fe290f3e000 r-xp 00000000 08:06 530695                     /usr/lib64/libc-2.20.so
7fe290f3e000-7fe29113d000 ---p 001b4000 08:06 530695                     /usr/lib64/libc-2.20.so
7fe29113d000-7fe291141000 r--p 001b3000 08:06 530695                     /usr/lib64/libc-2.20.so
7fe291141000-7fe291143000 rw-p 001b7000 08:06 530695                     /usr/lib64/libc-2.20.so
7fe291143000-7fe291147000 rw-p 00000000 00:00 0 
7fe291147000-7fe29114a000 r-xp 00000000 08:06 530805                     /usr/lib64/libdl-2.20.so
7fe29114a000-7fe291349000 ---p 00003000 08:06 530805                     /usr/lib64/libdl-2.20.so
7fe291349000-7fe29134a000 r--p 00002000 08:06 530805                     /usr/lib64/libdl-2.20.so
7fe29134a000-7fe29134b000 rw-p 00003000 08:06 530805                     /usr/lib64/libdl-2.20.so
7fe29134b000-7fe291360000 r-xp 00000000 08:06 266877                     /usr/java/jdk1.8.0_25/lib/amd64/jli/libjli.so
7fe291360000-7fe29155f000 ---p 00015000 08:06 266877                     /usr/java/jdk1.8.0_25/lib/amd64/jli/libjli.so
7fe29155f000-7fe291560000 rw-p 00014000 08:06 266877                     /usr/java/jdk1.8.0_25/lib/amd64/jli/libjli.so
7fe291560000-7fe291577000 r-xp 00000000 08:06 531230                     /usr/lib64/libpthread-2.20.so
7fe291577000-7fe291776000 ---p 00017000 08:06 531230                     /usr/lib64/libpthread-2.20.so
7fe291776000-7fe291777000 r--p 00016000 08:06 531230                     /usr/lib64/libpthread-2.20.so
7fe291777000-7fe291778000 rw-p 00017000 08:06 531230                     /usr/lib64/libpthread-2.20.so
7fe291778000-7fe29177c000 rw-p 00000000 00:00 0 
7fe29177c000-7fe29179d000 r-xp 00000000 08:06 522733                     /usr/lib64/ld-2.20.so
7fe29179d000-7fe29179e000 r--s 00005000 08:04 1443797                    /home/capi/Descargas/android-studio/gradle/gradle-2.2.1/lib/log4j-over-slf4j-1.7.7.jar
7fe29179e000-7fe2917a1000 r--s 00018000 08:04 1443805                    /home/capi/Descargas/android-studio/gradle/gradle-2.2.1/lib/commons-io-1.4.jar
7fe2917a1000-7fe29187a000 rw-p 00000000 00:00 0 
7fe29187a000-7fe29187d000 ---p 00000000 00:00 0 
7fe29187d000-7fe29197f000 rw-p 00000000 00:00 0                          [stack:15071]
7fe29197f000-7fe291980000 r--s 00000000 08:04 1443788                    /home/capi/Descargas/android-studio/gradle/gradle-2.2.1/lib/javax.inject-1.jar
7fe291980000-7fe291981000 r--s 00000000 08:04 1443779                    /home/capi/Descargas/android-studio/gradle/gradle-2.2.1/lib/jcip-annotations-1.0.jar
7fe291981000-7fe291983000 r--s 00006000 08:04 1443774                    /home/capi/Descargas/android-studio/gradle/gradle-2.2.1/lib/slf4j-api-1.7.7.jar
7fe291983000-7fe291984000 r--s 00004000 08:04 1443777                    /home/capi/Descargas/android-studio/gradle/gradle-2.2.1/lib/ant-launcher-1.9.3.jar
7fe291984000-7fe29198a000 r--s 00026000 08:04 1443783                    /home/capi/Descargas/android-studio/gradle/gradle-2.2.1/lib/gradle-base-services-2.2.1.jar
7fe29198a000-7fe291992000 r--s 0003c000 08:04 1443801                    /home/capi/Descargas/android-studio/gradle/gradle-2.2.1/lib/gradle-launcher-2.2.1.jar
7fe291992000-7fe29199a000 rw-s 00000000 00:23 79801                      /tmp/hsperfdata_capi/15070
7fe29199a000-7fe29199b000 rw-p 00000000 00:00 0 
7fe29199b000-7fe29199c000 ---p 00000000 00:00 0 
7fe29199c000-7fe29199d000 rw-p 00000000 00:00 0 
7fe29199d000-7fe29199e000 r--p 00021000 08:06 522733                     /usr/lib64/ld-2.20.so
7fe29199e000-7fe29199f000 rw-p 00022000 08:06 522733                     /usr/lib64/ld-2.20.so
7fe29199f000-7fe2919a0000 rw-p 00000000 00:00 0 
7fff2d46d000-7fff2d48e000 rw-p 00000000 00:00 0                          [stack]
7fff2d4d1000-7fff2d4d3000 r--p 00000000 00:00 0                          [vvar]
7fff2d4d3000-7fff2d4d5000 r-xp 00000000 00:00 0                          [vdso]
ffffffffff600000-ffffffffff601000 r-xp 00000000 00:00 0                  [vsyscall]

VM Arguments:
jvm_args: -XX:MaxPermSize=256m -XX:+HeapDumpOnOutOfMemoryError -Xmx1024m -Dfile.encoding=UTF-8 -Duser.country=VE -Duser.language=es -Duser.variant 
java_command: org.gradle.launcher.daemon.bootstrap.GradleDaemon 2.2.1 /home/capi/.gradle/daemon 10800000 f74415c9-d992-43cf-b064-4fe348ba27ac -XX:MaxPermSize=256m -XX:+HeapDumpOnOutOfMemoryError -Xmx1024m -Dfile.encoding=UTF-8 -Duser.country=VE -Duser.language=es -Duser.variant
java_class_path (initial): /home/capi/Descargas/android-studio/gradle/gradle-2.2.1/lib/gradle-launcher-2.2.1.jar
Launcher Type: SUN_STANDARD

Environment Variables:
JAVA_HOME=/usr/java/latest
CLASSPATH=./../lib/bootstrap.jar:./../lib/extensions.jar:./../lib/util.jar:./../lib/jdom.jar:./../lib/log4j.jar:./../lib/trove4j.jar:./../lib/jna.jar:/usr/java/latest/lib/tools.jar
PATH=/usr/lib64/qt-3.3/bin:/usr/local/bin:/usr/local/sbin:/usr/bin:/usr/sbin:/bin:/sbin
USERNAME=capi
LD_LIBRARY_PATH=.:
SHELL=/bin/bash
DISPLAY=:0

Signal Handlers:
SIGSEGV: [libjvm.so+0xa79a80], sa_mask[0]=11111111011111111101111111111110, sa_flags=SA_RESTART|SA_SIGINFO
SIGBUS: [libjvm.so+0xa79a80], sa_mask[0]=11111111011111111101111111111110, sa_flags=SA_RESTART|SA_SIGINFO
SIGFPE: [libjvm.so+0x8e24e0], sa_mask[0]=11111111011111111101111111111110, sa_flags=SA_RESTART|SA_SIGINFO
SIGPIPE: [libjvm.so+0x8e24e0], sa_mask[0]=11111111011111111101111111111110, sa_flags=SA_RESTART|SA_SIGINFO
SIGXFSZ: [libjvm.so+0x8e24e0], sa_mask[0]=11111111011111111101111111111110, sa_flags=SA_RESTART|SA_SIGINFO
SIGILL: [libjvm.so+0x8e24e0], sa_mask[0]=11111111011111111101111111111110, sa_flags=SA_RESTART|SA_SIGINFO
SIGUSR1: SIG_DFL, sa_mask[0]=00000000000000000000000000000000, sa_flags=none
SIGUSR2: [libjvm.so+0x8e3d10], sa_mask[0]=00100000000000000000000000000000, sa_flags=SA_RESTART|SA_SIGINFO
SIGHUP: [libjvm.so+0x8e50d0], sa_mask[0]=11111111011111111101111111111110, sa_flags=SA_RESTART|SA_SIGINFO
SIGINT: [libjvm.so+0x8e50d0], sa_mask[0]=11111111011111111101111111111110, sa_flags=SA_RESTART|SA_SIGINFO
SIGTERM: [libjvm.so+0x8e50d0], sa_mask[0]=11111111011111111101111111111110, sa_flags=SA_RESTART|SA_SIGINFO
SIGQUIT: [libjvm.so+0x8e50d0], sa_mask[0]=11111111011111111101111111111110, sa_flags=SA_RESTART|SA_SIGINFO


---------------  S Y S T E M  ---------------

OS:Fedora release 21 (Twenty One)

uname:Linux 3.17.7-300.fc21.x86_64 #1 SMP Wed Dec 17 03:08:44 UTC 2014 x86_64
libc:glibc 2.20 NPTL 2.20 
rlimit: STACK 8192k, CORE 0k, NPROC 4096, NOFILE 4096, AS infinity
load average:2,28 2,39 2,25

/proc/meminfo:
MemTotal:        3979772 kB
MemFree:          624172 kB
MemAvailable:     905444 kB
Buffers:           21360 kB
Cached:           540080 kB
SwapCached:        71844 kB
Active:          2354136 kB
Inactive:         731960 kB
Active(anon):    2188028 kB
Inactive(anon):   484932 kB
Active(file):     166108 kB
Inactive(file):   247028 kB
Unevictable:         168 kB
Mlocked:             168 kB
SwapTotal:       6282236 kB
SwapFree:        5143348 kB
Dirty:              7320 kB
Writeback:             4 kB
AnonPages:       2510548 kB
Mapped:           200860 kB
Shmem:            148312 kB
Slab:             129436 kB
SReclaimable:      74156 kB
SUnreclaim:        55280 kB
KernelStack:       11552 kB
PageTables:        58552 kB
NFS_Unstable:          0 kB
Bounce:                0 kB
WritebackTmp:          0 kB
CommitLimit:     8272120 kB
Committed_AS:    8854080 kB
VmallocTotal:   34359738367 kB
VmallocUsed:      560108 kB
VmallocChunk:   34359166888 kB
HardwareCorrupted:     0 kB
AnonHugePages:         0 kB
HugePages_Total:       0
HugePages_Free:        0
HugePages_Rsvd:        0
HugePages_Surp:        0
Hugepagesize:       2048 kB
DirectMap4k:      132356 kB
DirectMap2M:     3993600 kB


CPU:total 2 (2 cores per cpu, 1 threads per core) family 6 model 23 stepping 10, cmov, cx8, fxsr, mmx, sse, sse2, sse3, ssse3, sse4.1, tsc

/proc/cpuinfo:
processor	: 0
vendor_id	: GenuineIntel
cpu family	: 6
model		: 23
model name	: Intel(R) Core(TM)2 Duo CPU     T6400  @ 2.00GHz
stepping	: 10
microcode	: 0xa0b
cpu MHz		: 2000.000
cache size	: 2048 KB
physical id	: 0
siblings	: 2
core id		: 0
cpu cores	: 2
apicid		: 0
initial apicid	: 0
fpu		: yes
fpu_exception	: yes
cpuid level	: 13
wp		: yes
flags		: fpu vme de pse tsc msr pae mce cx8 apic sep mtrr pge mca cmov pat pse36 clflush dts acpi mmx fxsr sse sse2 ss ht tm pbe syscall nx lm constant_tsc arch_perfmon pebs bts rep_good nopl aperfmperf pni dtes64 monitor ds_cpl est tm2 ssse3 cx16 xtpr pdcm sse4_1 xsave lahf_lm dtherm
bugs		:
bogomips	: 3989.83
clflush size	: 64
cache_alignment	: 64
address sizes	: 36 bits physical, 48 bits virtual
power management:

processor	: 1
vendor_id	: GenuineIntel
cpu family	: 6
model		: 23
model name	: Intel(R) Core(TM)2 Duo CPU     T6400  @ 2.00GHz
stepping	: 10
microcode	: 0xa0b
cpu MHz		: 2000.000
cache size	: 2048 KB
physical id	: 0
siblings	: 2
core id		: 1
cpu cores	: 2
apicid		: 1
initial apicid	: 1
fpu		: yes
fpu_exception	: yes
cpuid level	: 13
wp		: yes
flags		: fpu vme de pse tsc msr pae mce cx8 apic sep mtrr pge mca cmov pat pse36 clflush dts acpi mmx fxsr sse sse2 ss ht tm pbe syscall nx lm constant_tsc arch_perfmon pebs bts rep_good nopl aperfmperf pni dtes64 monitor ds_cpl est tm2 ssse3 cx16 xtpr pdcm sse4_1 xsave lahf_lm dtherm
bugs		:
bogomips	: 3989.83
clflush size	: 64
cache_alignment	: 64
address sizes	: 36 bits physical, 48 bits virtual
power management:



Memory: 4k page, physical 3979772k(624172k free), swap 6282236k(5143348k free)

vm_info: Java HotSpot(TM) 64-Bit Server VM (25.25-b02) for linux-amd64 JRE (1.8.0_25-b17), built on Sep 17 2014 17:32:11 by "java_re" with gcc 4.3.0 20080428 (Red Hat 4.3.0-8)

time: Sun Jan 25 00:28:08 2015
elapsed time: 15759 seconds (0d 4h 22m 39s)

